2020-03-01 21:09:37.3320  DEBUG (EventManagement.cs:62) NetworkProtocolManage
2020-03-01 21:09:37.4055  DEBUG (EventManagement.cs:62) Options
2020-03-01 21:09:37.4061  DEBUG (EventManagement.cs:62) TestMessageHandler
2020-03-01 21:09:37.4073  DEBUG (EventManagement.cs:62) LoginRequestHandler
2020-03-01 21:09:37.4073  DEBUG (EventManagement.cs:62) GetNameRequestHandler
2020-03-01 21:10:38.4783  DEBUG (EventManagement.cs:62) NetworkProtocolManage
2020-03-01 21:10:38.5626  DEBUG (EventManagement.cs:62) Options
2020-03-01 21:10:38.5637  DEBUG (EventManagement.cs:62) TestMessageHandler
2020-03-01 21:10:38.5649  DEBUG (EventManagement.cs:62) LoginRequestHandler
2020-03-01 21:10:38.5652  DEBUG (EventManagement.cs:62) GetNameRequestHandler
2020-03-01 21:10:58.8012  DEBUG (EventManagement.cs:62) NetworkProtocolManage
2020-03-01 21:10:58.8690  DEBUG (EventManagement.cs:62) Options
2020-03-01 21:10:58.8690  DEBUG (EventManagement.cs:62) TestMessageHandler
2020-03-01 21:11:16.1324  DEBUG (EventManagement.cs:62) NetworkProtocolManage
2020-03-01 21:11:16.1324  DEBUG (EventManagement.cs:62) RecyclableMemoryStreamManager
2020-03-01 21:11:16.1324  DEBUG (EventManagement.cs:62) RecyclableMemoryStream
2020-03-01 21:11:16.1324  DEBUG (EventManagement.cs:62) App
2020-03-01 21:11:16.1324  DEBUG (EventManagement.cs:62) ActorTask`1
2020-03-01 21:11:16.1324  DEBUG (EventManagement.cs:62) Actor`1
2020-03-01 21:11:16.1331  DEBUG (EventManagement.cs:62) AsyncSTaskMethodBuilder
2020-03-01 21:11:16.1331  DEBUG (EventManagement.cs:62) AsyncSTaskMethodBuilder`1
2020-03-01 21:11:16.1331  DEBUG (EventManagement.cs:62) AsyncSVoidMethodBuilder
2020-03-01 21:11:16.1331  DEBUG (EventManagement.cs:62) IAwaiter
2020-03-01 21:11:16.1331  DEBUG (EventManagement.cs:62) IAwaiter`1
2020-03-01 21:11:16.1331  DEBUG (EventManagement.cs:62) IAwaitable`1
2020-03-01 21:11:16.1331  DEBUG (EventManagement.cs:62) IAwaitable`2
2020-03-01 21:11:16.1331  DEBUG (EventManagement.cs:62) ITask
2020-03-01 21:11:16.1331  DEBUG (EventManagement.cs:62) ITask`1
2020-03-01 21:11:16.1331  DEBUG (EventManagement.cs:62) STask
2020-03-01 21:11:16.1331  DEBUG (EventManagement.cs:62) STask`1
2020-03-01 21:11:16.1331  DEBUG (EventManagement.cs:62) STaskAwaiter
2020-03-01 21:11:16.1331  DEBUG (EventManagement.cs:62) STaskAwaiter`1
2020-03-01 21:11:16.1341  DEBUG (EventManagement.cs:62) STaskCompletionSource
2020-03-01 21:11:16.1341  DEBUG (EventManagement.cs:62) STaskCompletionSource`1
2020-03-01 21:11:16.1341  DEBUG (EventManagement.cs:62) SVoid
2020-03-01 21:11:16.1341  DEBUG (EventManagement.cs:62) SVoidAwaiter
2020-03-01 21:11:16.1341  DEBUG (EventManagement.cs:62) Component
2020-03-01 21:11:16.1341  DEBUG (EventManagement.cs:62) ComponentFactory
2020-03-01 21:11:16.1341  DEBUG (EventManagement.cs:62) Log
2020-03-01 21:11:16.2138  DEBUG (EventManagement.cs:62) Scene
2020-03-01 21:11:16.2138  DEBUG (EventManagement.cs:62) NetworkProtocolType
2020-03-01 21:11:16.2147  DEBUG (EventManagement.cs:62) NetworkComponent
2020-03-01 21:11:16.2147  DEBUG (EventManagement.cs:62) ProcessWatcherComponent
2020-03-01 21:11:16.2151  DEBUG (EventManagement.cs:62) SessionAwakeSystem
2020-03-01 21:11:16.2151  DEBUG (EventManagement.cs:62) Session
2020-03-01 21:11:16.2151  DEBUG (EventManagement.cs:62) IdFactory
2020-03-01 21:11:16.2151  DEBUG (EventManagement.cs:62) NetworkHelper
2020-03-01 21:11:16.2151  DEBUG (EventManagement.cs:62) ObjectPool`1
2020-03-01 21:11:16.2151  DEBUG (EventManagement.cs:62) MemoryStreamPool
2020-03-01 21:11:16.2151  DEBUG (EventManagement.cs:62) SerializationHelper
2020-03-01 21:11:16.2162  DEBUG (EventManagement.cs:62) TimeHelper
2020-03-01 21:11:16.2162  DEBUG (EventManagement.cs:62) TaskSchedulingComponentAwakeSystem
2020-03-01 21:11:16.2162  DEBUG (EventManagement.cs:62) TaskProcessingComponent
2020-03-01 21:11:16.2186  DEBUG (EventManagement.cs:62) AMessagePacker
2020-03-01 21:11:16.2197  DEBUG (EventManagement.cs:62) HttpMessageHandler`2
2020-03-01 21:11:16.2206  DEBUG (EventManagement.cs:62) MessageDispatcher
2020-03-01 21:11:16.2216  DEBUG (EventManagement.cs:62) MessageHandler`1
2020-03-01 21:11:16.2216  DEBUG (EventManagement.cs:62) RpcMessageHandler`2
2020-03-01 21:11:16.2216  DEBUG (EventManagement.cs:62) IMessageHandler
2020-03-01 21:11:16.2216  DEBUG (EventManagement.cs:62) MessageAttribute
2020-03-01 21:11:16.2225  DEBUG (EventManagement.cs:62) MessagePacker
2020-03-01 21:11:16.2225  DEBUG (EventManagement.cs:62) NetworkChannel
2020-03-01 21:11:16.2235  DEBUG (EventManagement.cs:62) NetworkProtocol
2020-03-01 21:11:16.2257  DEBUG (EventManagement.cs:62) ErrorCode
2020-03-01 21:11:16.2265  DEBUG (EventManagement.cs:62) HttpComponentAwakeSystem
2020-03-01 21:11:16.2275  DEBUG (EventManagement.cs:62) HttpComponent
2020-03-01 21:11:16.2275  DEBUG (EventManagement.cs:62) IMessage
2020-03-01 21:11:16.2275  DEBUG (EventManagement.cs:62) IRequest
2020-03-01 21:11:16.2282  DEBUG (EventManagement.cs:62) IResponse
2020-03-01 21:11:16.2282  DEBUG (EventManagement.cs:62) ErrorResponse
2020-03-01 21:11:16.2292  DEBUG (EventManagement.cs:62) PacketParser
2020-03-01 21:11:16.2292  DEBUG (EventManagement.cs:62) SocketAsyncEventArg
2020-03-01 21:11:16.2306  DEBUG (EventManagement.cs:62) TCPChannelComponentConnectAwakeSystem
2020-03-01 21:11:16.2314  DEBUG (EventManagement.cs:62) TCPChannelComponentAwakeSystem
2020-03-01 21:11:16.2335  DEBUG (EventManagement.cs:62) TCPChannelComponent
2020-03-01 21:11:16.2335  DEBUG (EventManagement.cs:62) TCPComponentAwakeSystem
2020-03-01 21:11:16.2342  DEBUG (EventManagement.cs:62) TCPComponent
2020-03-01 21:11:16.2342  DEBUG (EventManagement.cs:62) WebSocketChannelComponentAcceptAwakeSystem
2020-03-01 21:11:16.2342  DEBUG (EventManagement.cs:62) WebSocketChannelComponentConnectAwakeSystem
2020-03-01 21:11:16.2342  DEBUG (EventManagement.cs:62) WebSocketChannelComponent
2020-03-01 21:11:16.2342  DEBUG (EventManagement.cs:62) WebSocketComponentAwakeSystem
2020-03-01 21:11:16.2342  DEBUG (EventManagement.cs:62) WebSocketComponent
2020-03-01 21:11:16.2342  DEBUG (EventManagement.cs:62) BaseAttribute
2020-03-01 21:11:16.2351  DEBUG (EventManagement.cs:62) ComponentSystemAttribute
2020-03-01 21:11:16.2351  DEBUG (EventManagement.cs:62) EventSystemAttribute
2020-03-01 21:11:16.2351  DEBUG (EventManagement.cs:62) MessageSystemAttribute
2020-03-01 21:11:16.2351  DEBUG (EventManagement.cs:62) IAwakeSystem
2020-03-01 21:11:16.2351  DEBUG (EventManagement.cs:62) AwakeSystem`1
2020-03-01 21:11:16.2351  DEBUG (EventManagement.cs:62) AwakeSystem`2
2020-03-01 21:11:16.2351  DEBUG (EventManagement.cs:62) AwakeSystem`3
2020-03-01 21:11:16.2351  DEBUG (EventManagement.cs:62) AwakeSystem`4
2020-03-01 21:11:16.2351  DEBUG (EventManagement.cs:62) AwakeSystem`5
2020-03-01 21:11:16.2351  DEBUG (EventManagement.cs:62) IDestroySystem
2020-03-01 21:11:16.2361  DEBUG (EventManagement.cs:62) DestroySystem`1
2020-03-01 21:11:16.2361  DEBUG (EventManagement.cs:62) EventHandlerSystem
2020-03-01 21:11:16.2361  DEBUG (EventManagement.cs:62) EventHandlerSystem`1
2020-03-01 21:11:16.2361  DEBUG (EventManagement.cs:62) EventHandlerSystem`2
2020-03-01 21:11:16.2361  DEBUG (EventManagement.cs:62) EventHandlerSystem`3
2020-03-01 21:11:16.2361  DEBUG (EventManagement.cs:62) EventHandlerSystem`4
2020-03-01 21:11:16.2361  DEBUG (EventManagement.cs:62) EventHandlerSystem`5
2020-03-01 21:11:16.2361  DEBUG (EventManagement.cs:62) EventManagement
2020-03-01 21:11:16.2361  DEBUG (EventManagement.cs:62) IEvent
2020-03-01 21:11:16.2361  DEBUG (EventManagement.cs:62) IEvent`1
2020-03-01 21:11:16.2361  DEBUG (EventManagement.cs:62) IEvent`2
2020-03-01 21:11:16.2372  DEBUG (EventManagement.cs:62) IEvent`3
2020-03-01 21:11:16.2372  DEBUG (EventManagement.cs:62) IEvent`4
2020-03-01 21:11:16.2372  DEBUG (EventManagement.cs:62) IEvent`5
2020-03-01 21:11:16.2372  DEBUG (EventManagement.cs:62) CircularBuffer
2020-03-01 21:11:16.2372  DEBUG (EventManagement.cs:62) DoubleMapDIc`2
2020-03-01 21:11:16.2372  DEBUG (EventManagement.cs:62) OneToManyDic`3
2020-03-01 21:11:16.2372  DEBUG (EventManagement.cs:62) OneToManyHashSet`2
2020-03-01 21:11:16.2372  DEBUG (EventManagement.cs:62) OneToManyList`2
2020-03-01 21:11:16.2372  DEBUG (EventManagement.cs:62) OneToManyQueue`2
2020-03-01 21:11:16.2372  DEBUG (EventManagement.cs:62) BinaryFileClass
2020-03-01 21:11:16.2372  DEBUG (EventManagement.cs:62) ConfigAttribute
2020-03-01 21:11:16.2372  DEBUG (EventManagement.cs:62) IConfig
2020-03-01 21:11:16.2372  DEBUG (EventManagement.cs:62) Events
2020-03-01 21:11:16.2372  DEBUG (EventManagement.cs:62) EventHandler
2020-03-01 21:11:16.2382  DEBUG (EventManagement.cs:62) LargeBufferDiscardedEventHandler
2020-03-01 21:11:16.2382  DEBUG (EventManagement.cs:62) StreamLengthReportHandler
2020-03-01 21:11:16.2382  DEBUG (EventManagement.cs:62) UsageReportEventHandler
2020-03-01 21:11:16.2382  DEBUG (EventManagement.cs:62) BlockAndOffset
2020-03-01 21:11:16.2382  DEBUG (EventManagement.cs:62) <Start>d__6
2020-03-01 21:11:16.2382  DEBUG (EventManagement.cs:62) <>c__DisplayClass16_0`1
2020-03-01 21:11:16.2382  DEBUG (EventManagement.cs:62) <>c__DisplayClass17_0
2020-03-01 21:11:16.2382  DEBUG (EventManagement.cs:62) <>c
2020-03-01 21:11:16.2382  DEBUG (EventManagement.cs:62) <Handle>d__2
2020-03-01 21:11:16.2382  DEBUG (EventManagement.cs:62) <>c__DisplayClass7_0
2020-03-01 21:11:16.2382  DEBUG (EventManagement.cs:62) <>c__DisplayClass9_0
2020-03-01 21:11:16.2391  DEBUG (EventManagement.cs:62) <>c__DisplayClass20_0
2020-03-01 21:11:16.2391  DEBUG (EventManagement.cs:62) <ConnectAsync>d__10
2020-03-01 21:11:16.2391  DEBUG (EventManagement.cs:62) <StartRecvAsync>d__11
2020-03-01 21:11:16.2391  DEBUG (EventManagement.cs:62) <StartSend>d__14
2020-03-01 21:11:16.2391  DEBUG (EventManagement.cs:62) <>c__DisplayClass3_0
2020-03-01 21:11:16.2391  DEBUG (EventManagement.cs:62) MemoryStreamBufferType
2020-03-01 21:11:16.2391  DEBUG (EventManagement.cs:62) MemoryStreamDiscardReason
2020-03-01 21:11:16.2391  DEBUG (EventManagement.cs:62) <<Awake>b__0>d
2020-03-01 21:11:16.2433  DEBUG (EventManagement.cs:62) Options
2020-03-01 21:11:16.2433  DEBUG (EventManagement.cs:62) SceneType
2020-03-01 21:11:16.2433  DEBUG (EventManagement.cs:62) ServerType
2020-03-01 21:11:16.2433  DEBUG (EventManagement.cs:62) ProtobufHelper
2020-03-01 21:11:16.2442  DEBUG (EventManagement.cs:62) NetInnerComponent
2020-03-01 21:11:16.2442  DEBUG (EventManagement.cs:62) NetOuterComponentServiceAwakeSystem
2020-03-01 21:11:16.2442  DEBUG (EventManagement.cs:62) NetOuterComponentConnectAwakeSystem
2020-03-01 21:11:16.2442  DEBUG (EventManagement.cs:62) NetOuterComponent
2020-03-01 21:11:16.2642  DEBUG (EventManagement.cs:62) ProtobufMessagePacker
2020-03-01 21:11:16.2642  DEBUG (EventManagement.cs:62) OuterMessageReflection
2020-03-01 21:11:16.2655  DEBUG (EventManagement.cs:62) TestMessage
2020-03-01 21:11:16.2661  DEBUG (EventManagement.cs:62) LoginRequest
2020-03-01 21:11:16.2661  DEBUG (EventManagement.cs:62) RegRequest
2020-03-01 21:11:16.2673  DEBUG (EventManagement.cs:62) GetNameRequest
2020-03-01 21:11:16.2673  DEBUG (EventManagement.cs:62) GetNameResponse
2020-03-01 21:11:16.2673  DEBUG (EventManagement.cs:62) OuterOpcode
2020-03-01 21:11:16.2673  DEBUG (EventManagement.cs:62) AConfig`1
2020-03-01 21:11:16.2682  DEBUG (EventManagement.cs:62) SceneConfigData
2020-03-01 21:11:16.2692  DEBUG (EventManagement.cs:62) ServerConfigData
2020-03-01 21:11:16.2692  DEBUG (EventManagement.cs:62) SceneConfig
2020-03-01 21:11:16.2692  DEBUG (EventManagement.cs:62) ServerConfig
2020-03-01 21:11:16.2701  DEBUG (EventManagement.cs:62) <>c
2020-03-01 21:11:16.2701  DEBUG (EventManagement.cs:62) <>c
2020-03-01 21:11:16.2701  DEBUG (EventManagement.cs:62) <>c
2020-03-01 21:11:16.2701  DEBUG (EventManagement.cs:62) <>c
2020-03-01 21:11:16.2701  DEBUG (EventManagement.cs:62) <>c
2020-03-01 21:11:16.2727  DEBUG (EventManagement.cs:62) TestMessageHandler
2020-03-01 21:11:16.2727  DEBUG (EventManagement.cs:62) LoginRequestHandler
2020-03-01 21:11:16.2727  DEBUG (EventManagement.cs:62) GetNameRequestHandler
2020-03-01 22:28:37.6301  DEBUG (SerializationHelper.cs:31) Scene
2020-03-01 22:28:37.7731  DEBUG (SerializationHelper.cs:31) NetworkComponent
2020-03-01 22:28:37.7743  DEBUG (SerializationHelper.cs:31) ProcessWatcherComponent
2020-03-01 22:28:37.7752  DEBUG (SerializationHelper.cs:31) Session
2020-03-01 22:28:37.7763  DEBUG (SerializationHelper.cs:31) TaskProcessingComponent
2020-03-01 22:28:37.7768  DEBUG (SerializationHelper.cs:31) AMessagePacker
2020-03-01 22:28:37.7781  DEBUG (SerializationHelper.cs:31) MessagePacker
2020-03-01 22:28:37.7789  DEBUG (SerializationHelper.cs:31) NetworkChannel
2020-03-01 22:28:37.7794  DEBUG (SerializationHelper.cs:31) NetworkProtocol
2020-03-01 22:28:37.7794  DEBUG (SerializationHelper.cs:31) HttpComponent
2020-03-01 22:28:37.7807  DEBUG (SerializationHelper.cs:31) TCPChannelComponent
2020-03-01 22:28:37.7814  DEBUG (SerializationHelper.cs:31) TCPComponent
2020-03-01 22:28:37.7824  DEBUG (SerializationHelper.cs:31) WebSocketChannelComponent
2020-03-01 22:28:37.7843  DEBUG (SerializationHelper.cs:31) WebSocketComponent
2020-03-01 22:28:37.8158  DEBUG (SerializationHelper.cs:31) Options
2020-03-01 22:28:37.8173  DEBUG (SerializationHelper.cs:31) NetInnerComponent
2020-03-01 22:28:37.8180  DEBUG (SerializationHelper.cs:31) NetOuterComponent
2020-03-01 22:28:37.8186  DEBUG (SerializationHelper.cs:31) ProtobufMessagePacker
2020-03-01 22:28:37.9510  DEBUG (SerializationHelper.cs:31) Scene
2020-03-01 22:28:37.9510  DEBUG (SerializationHelper.cs:31) NetworkComponent
2020-03-01 22:28:37.9514  DEBUG (SerializationHelper.cs:31) ProcessWatcherComponent
2020-03-01 22:28:37.9514  DEBUG (SerializationHelper.cs:31) Session
2020-03-01 22:28:37.9514  DEBUG (SerializationHelper.cs:31) TaskProcessingComponent
2020-03-01 22:28:37.9514  DEBUG (SerializationHelper.cs:31) AMessagePacker
2020-03-01 22:28:37.9514  DEBUG (SerializationHelper.cs:31) MessagePacker
2020-03-01 22:28:37.9514  DEBUG (SerializationHelper.cs:31) NetworkChannel
2020-03-01 22:28:37.9514  DEBUG (SerializationHelper.cs:31) NetworkProtocol
2020-03-01 22:28:37.9514  DEBUG (SerializationHelper.cs:31) HttpComponent
2020-03-01 22:28:37.9514  DEBUG (SerializationHelper.cs:31) TCPChannelComponent
2020-03-01 22:28:37.9525  DEBUG (SerializationHelper.cs:31) TCPComponent
2020-03-01 22:28:37.9525  DEBUG (SerializationHelper.cs:31) WebSocketChannelComponent
2020-03-01 22:28:37.9525  DEBUG (SerializationHelper.cs:31) WebSocketComponent
2020-03-01 22:28:37.9525  DEBUG (SerializationHelper.cs:31) Options
2020-03-01 22:28:37.9525  DEBUG (SerializationHelper.cs:31) NetInnerComponent
2020-03-01 22:28:37.9534  DEBUG (SerializationHelper.cs:31) NetOuterComponent
2020-03-01 22:28:37.9534  DEBUG (SerializationHelper.cs:31) ProtobufMessagePacker
2020-03-01 22:29:28.3813  DEBUG (SerializationHelper.cs:31) Scene
2020-03-01 22:29:28.5110  DEBUG (SerializationHelper.cs:31) NetworkComponent
2020-03-01 22:29:28.5117  DEBUG (SerializationHelper.cs:31) ProcessWatcherComponent
2020-03-01 22:29:28.5127  DEBUG (SerializationHelper.cs:31) Session
2020-03-01 22:29:28.5127  DEBUG (SerializationHelper.cs:31) TaskProcessingComponent
2020-03-01 22:29:28.5137  DEBUG (SerializationHelper.cs:31) AMessagePacker
2020-03-01 22:29:28.5137  DEBUG (SerializationHelper.cs:31) MessagePacker
2020-03-01 22:29:28.5137  DEBUG (SerializationHelper.cs:31) NetworkChannel
2020-03-01 22:29:28.5149  DEBUG (SerializationHelper.cs:31) NetworkProtocol
2020-03-01 22:29:28.5149  DEBUG (SerializationHelper.cs:31) HttpComponent
2020-03-01 22:29:28.5157  DEBUG (SerializationHelper.cs:31) TCPChannelComponent
2020-03-01 22:29:28.5157  DEBUG (SerializationHelper.cs:31) TCPComponent
2020-03-01 22:29:28.5157  DEBUG (SerializationHelper.cs:31) WebSocketChannelComponent
2020-03-01 22:29:28.5169  DEBUG (SerializationHelper.cs:31) WebSocketComponent
2020-03-01 22:29:28.5231  DEBUG (SerializationHelper.cs:31) Options
2020-03-01 22:29:28.5261  DEBUG (SerializationHelper.cs:31) NetInnerComponent
2020-03-01 22:29:28.5288  DEBUG (SerializationHelper.cs:31) NetOuterComponent
2020-03-01 22:29:28.5312  DEBUG (SerializationHelper.cs:31) ProtobufMessagePacker
2020-03-01 22:29:28.6496  DEBUG (SerializationHelper.cs:31) Scene
2020-03-01 22:29:28.6496  DEBUG (SerializationHelper.cs:31) NetworkComponent
2020-03-01 22:29:28.6496  DEBUG (SerializationHelper.cs:31) ProcessWatcherComponent
2020-03-01 22:29:28.6496  DEBUG (SerializationHelper.cs:31) Session
2020-03-01 22:29:28.6496  DEBUG (SerializationHelper.cs:31) TaskProcessingComponent
2020-03-01 22:29:28.6496  DEBUG (SerializationHelper.cs:31) AMessagePacker
2020-03-01 22:29:28.6496  DEBUG (SerializationHelper.cs:31) MessagePacker
2020-03-01 22:29:28.6496  DEBUG (SerializationHelper.cs:31) NetworkChannel
2020-03-01 22:29:28.6496  DEBUG (SerializationHelper.cs:31) NetworkProtocol
2020-03-01 22:29:28.6496  DEBUG (SerializationHelper.cs:31) HttpComponent
2020-03-01 22:29:28.6496  DEBUG (SerializationHelper.cs:31) TCPChannelComponent
2020-03-01 22:29:28.6507  DEBUG (SerializationHelper.cs:31) TCPComponent
2020-03-01 22:29:28.6507  DEBUG (SerializationHelper.cs:31) WebSocketChannelComponent
2020-03-01 22:29:28.6507  DEBUG (SerializationHelper.cs:31) WebSocketComponent
2020-03-01 22:29:28.6507  DEBUG (SerializationHelper.cs:31) Options
2020-03-01 22:29:28.6507  DEBUG (SerializationHelper.cs:31) NetInnerComponent
2020-03-01 22:29:28.6524  DEBUG (SerializationHelper.cs:31) NetOuterComponent
2020-03-01 22:29:28.6524  DEBUG (SerializationHelper.cs:31) ProtobufMessagePacker
2020-03-01 22:30:39.0734  DEBUG (EventManagement.cs:60) NetworkProtocolManage
2020-03-01 22:30:39.1018  DEBUG (EventManagement.cs:60) RecyclableMemoryStreamManager
2020-03-01 22:30:39.1023  DEBUG (EventManagement.cs:60) RecyclableMemoryStream
2020-03-01 22:30:39.1023  DEBUG (EventManagement.cs:60) App
2020-03-01 22:30:39.1023  DEBUG (EventManagement.cs:60) AsyncSTaskMethodBuilder
2020-03-01 22:30:39.1023  DEBUG (EventManagement.cs:60) AsyncSTaskMethodBuilder`1
2020-03-01 22:30:39.1023  DEBUG (EventManagement.cs:60) AsyncSVoidMethodBuilder
2020-03-01 22:30:39.1023  DEBUG (EventManagement.cs:60) IAwaiter
2020-03-01 22:30:39.1030  DEBUG (EventManagement.cs:60) IAwaiter`1
2020-03-01 22:30:39.1030  DEBUG (EventManagement.cs:60) IAwaitable`1
2020-03-01 22:30:39.1030  DEBUG (EventManagement.cs:60) IAwaitable`2
2020-03-01 22:30:39.1030  DEBUG (EventManagement.cs:60) ITask
2020-03-01 22:30:39.1030  DEBUG (EventManagement.cs:60) ITask`1
2020-03-01 22:30:39.1030  DEBUG (EventManagement.cs:60) STask
2020-03-01 22:30:39.1030  DEBUG (EventManagement.cs:60) STask`1
2020-03-01 22:30:39.1030  DEBUG (EventManagement.cs:60) STaskAwaiter
2020-03-01 22:30:39.1030  DEBUG (EventManagement.cs:60) STaskAwaiter`1
2020-03-01 22:30:39.1040  DEBUG (EventManagement.cs:60) STaskCompletionSource
2020-03-01 22:30:39.1040  DEBUG (EventManagement.cs:60) STaskCompletionSource`1
2020-03-01 22:30:39.1040  DEBUG (EventManagement.cs:60) SVoid
2020-03-01 22:30:39.1040  DEBUG (EventManagement.cs:60) SVoidAwaiter
2020-03-01 22:30:39.1040  DEBUG (EventManagement.cs:60) Component
2020-03-01 22:30:39.1040  DEBUG (EventManagement.cs:60) ComponentFactory
2020-03-01 22:30:39.1040  DEBUG (EventManagement.cs:60) Log
2020-03-01 22:30:39.1040  DEBUG (EventManagement.cs:60) Scene
2020-03-01 22:30:39.1040  DEBUG (EventManagement.cs:60) NetworkProtocolType
2020-03-01 22:30:39.1040  DEBUG (EventManagement.cs:60) NetworkComponent
2020-03-01 22:30:39.1040  DEBUG (EventManagement.cs:60) ProcessWatcherComponent
2020-03-01 22:30:39.1040  DEBUG (EventManagement.cs:60) SessionAwakeSystem
2020-03-01 22:30:39.1052  DEBUG (EventManagement.cs:60) Session
2020-03-01 22:30:39.1052  DEBUG (EventManagement.cs:60) IdFactory
2020-03-01 22:30:39.1052  DEBUG (EventManagement.cs:60) NetworkHelper
2020-03-01 22:30:39.1052  DEBUG (EventManagement.cs:60) ObjectPool`1
2020-03-01 22:30:39.1052  DEBUG (EventManagement.cs:60) MemoryStreamPool
2020-03-01 22:30:39.1052  DEBUG (EventManagement.cs:60) SerializationHelper
2020-03-01 22:30:39.1052  DEBUG (EventManagement.cs:60) TimeHelper
2020-03-01 22:30:39.1063  DEBUG (EventManagement.cs:60) TaskSchedulingComponentAwakeSystem
2020-03-01 22:30:39.1063  DEBUG (EventManagement.cs:60) TaskProcessingComponent
2020-03-01 22:30:39.1063  DEBUG (EventManagement.cs:60) AMessagePacker
2020-03-01 22:30:39.1063  DEBUG (EventManagement.cs:60) HttpMessageHandler`2
2020-03-01 22:30:39.1063  DEBUG (EventManagement.cs:60) MessageDispatcher
2020-03-01 22:30:39.1063  DEBUG (EventManagement.cs:60) MessageHandler`1
2020-03-01 22:30:39.1063  DEBUG (EventManagement.cs:60) RpcMessageHandler`2
2020-03-01 22:30:39.1063  DEBUG (EventManagement.cs:60) IMessageHandler
2020-03-01 22:30:39.1063  DEBUG (EventManagement.cs:60) MessageAttribute
2020-03-01 22:30:39.1063  DEBUG (EventManagement.cs:60) MessagePacker
2020-03-01 22:30:39.1070  DEBUG (EventManagement.cs:60) NetworkChannel
2020-03-01 22:30:39.1070  DEBUG (EventManagement.cs:60) NetworkProtocol
2020-03-01 22:30:39.1070  DEBUG (EventManagement.cs:60) ErrorCode
2020-03-01 22:30:39.1070  DEBUG (EventManagement.cs:60) HttpComponentAwakeSystem
2020-03-01 22:30:39.1070  DEBUG (EventManagement.cs:60) HttpComponent
2020-03-01 22:30:39.1070  DEBUG (EventManagement.cs:60) IMessage
2020-03-01 22:30:39.1070  DEBUG (EventManagement.cs:60) IRequest
2020-03-01 22:30:39.1070  DEBUG (EventManagement.cs:60) IResponse
2020-03-01 22:30:39.1070  DEBUG (EventManagement.cs:60) ErrorResponse
2020-03-01 22:30:39.1070  DEBUG (EventManagement.cs:60) PacketParser
2020-03-01 22:30:39.1070  DEBUG (EventManagement.cs:60) SocketAsyncEventArg
2020-03-01 22:30:39.1070  DEBUG (EventManagement.cs:60) TCPChannelComponentConnectAwakeSystem
2020-03-01 22:30:39.1081  DEBUG (EventManagement.cs:60) TCPChannelComponentAwakeSystem
2020-03-01 22:30:39.1081  DEBUG (EventManagement.cs:60) TCPChannelComponent
2020-03-01 22:30:39.1081  DEBUG (EventManagement.cs:60) TCPComponentAwakeSystem
2020-03-01 22:30:39.1081  DEBUG (EventManagement.cs:60) TCPComponent
2020-03-01 22:30:39.1081  DEBUG (EventManagement.cs:60) WebSocketChannelComponentAcceptAwakeSystem
2020-03-01 22:30:39.1081  DEBUG (EventManagement.cs:60) WebSocketChannelComponentConnectAwakeSystem
2020-03-01 22:30:39.1090  DEBUG (EventManagement.cs:60) WebSocketChannelComponent
2020-03-01 22:30:39.1090  DEBUG (EventManagement.cs:60) WebSocketComponentAwakeSystem
2020-03-01 22:30:39.1090  DEBUG (EventManagement.cs:60) WebSocketComponent
2020-03-01 22:30:39.1090  DEBUG (EventManagement.cs:60) BaseAttribute
2020-03-01 22:30:39.1090  DEBUG (EventManagement.cs:60) ComponentSystemAttribute
2020-03-01 22:30:39.1090  DEBUG (EventManagement.cs:60) EventSystemAttribute
2020-03-01 22:30:39.1090  DEBUG (EventManagement.cs:60) MessageSystemAttribute
2020-03-01 22:30:39.1090  DEBUG (EventManagement.cs:60) IAwakeSystem
2020-03-01 22:30:39.1090  DEBUG (EventManagement.cs:60) AwakeSystem`1
2020-03-01 22:30:39.1090  DEBUG (EventManagement.cs:60) AwakeSystem`2
2020-03-01 22:30:39.1090  DEBUG (EventManagement.cs:60) AwakeSystem`3
2020-03-01 22:30:39.1090  DEBUG (EventManagement.cs:60) AwakeSystem`4
2020-03-01 22:30:39.1090  DEBUG (EventManagement.cs:60) AwakeSystem`5
2020-03-01 22:30:39.1090  DEBUG (EventManagement.cs:60) IDestroySystem
2020-03-01 22:30:39.1090  DEBUG (EventManagement.cs:60) DestroySystem`1
2020-03-01 22:30:39.1100  DEBUG (EventManagement.cs:60) EventHandlerSystem
2020-03-01 22:30:39.1100  DEBUG (EventManagement.cs:60) EventHandlerSystem`1
2020-03-01 22:30:39.1100  DEBUG (EventManagement.cs:60) EventHandlerSystem`2
2020-03-01 22:30:39.1100  DEBUG (EventManagement.cs:60) EventHandlerSystem`3
2020-03-01 22:30:39.1100  DEBUG (EventManagement.cs:60) EventHandlerSystem`4
2020-03-01 22:30:39.1100  DEBUG (EventManagement.cs:60) EventHandlerSystem`5
2020-03-01 22:30:39.1100  DEBUG (EventManagement.cs:60) EventManagement
2020-03-01 22:30:39.1100  DEBUG (EventManagement.cs:60) IEvent
2020-03-01 22:30:39.1100  DEBUG (EventManagement.cs:60) IEvent`1
2020-03-01 22:30:39.1100  DEBUG (EventManagement.cs:60) IEvent`2
2020-03-01 22:30:39.1100  DEBUG (EventManagement.cs:60) IEvent`3
2020-03-01 22:30:39.1100  DEBUG (EventManagement.cs:60) IEvent`4
2020-03-01 22:30:39.1100  DEBUG (EventManagement.cs:60) IEvent`5
2020-03-01 22:30:39.1110  DEBUG (EventManagement.cs:60) CircularBuffer
2020-03-01 22:30:39.1110  DEBUG (EventManagement.cs:60) DoubleMapDIc`2
2020-03-01 22:30:39.1110  DEBUG (EventManagement.cs:60) OneToManyDic`3
2020-03-01 22:30:39.1110  DEBUG (EventManagement.cs:60) OneToManyHashSet`2
2020-03-01 22:30:39.1110  DEBUG (EventManagement.cs:60) OneToManyList`2
2020-03-01 22:30:39.1110  DEBUG (EventManagement.cs:60) OneToManyQueue`2
2020-03-01 22:30:39.1110  DEBUG (EventManagement.cs:60) ConfigAttribute
2020-03-01 22:30:39.1110  DEBUG (EventManagement.cs:60) IConfig
2020-03-01 22:30:39.1110  DEBUG (EventManagement.cs:60) Events
2020-03-01 22:30:39.1110  DEBUG (EventManagement.cs:60) EventHandler
2020-03-01 22:30:39.1110  DEBUG (EventManagement.cs:60) LargeBufferDiscardedEventHandler
2020-03-01 22:30:39.1110  DEBUG (EventManagement.cs:60) StreamLengthReportHandler
2020-03-01 22:30:39.1110  DEBUG (EventManagement.cs:60) UsageReportEventHandler
2020-03-01 22:30:39.1110  DEBUG (EventManagement.cs:60) BlockAndOffset
2020-03-01 22:30:39.1110  DEBUG (EventManagement.cs:60) <>c__DisplayClass16_0`1
2020-03-01 22:30:39.1110  DEBUG (EventManagement.cs:60) <>c__DisplayClass17_0
2020-03-01 22:30:39.1110  DEBUG (EventManagement.cs:60) <>c
2020-03-01 22:30:39.1110  DEBUG (EventManagement.cs:60) <Handle>d__2
2020-03-01 22:30:39.1110  DEBUG (EventManagement.cs:60) <>c__DisplayClass7_0
2020-03-01 22:30:39.1120  DEBUG (EventManagement.cs:60) <>c__DisplayClass9_0
2020-03-01 22:30:39.1120  DEBUG (EventManagement.cs:60) <>c__DisplayClass20_0
2020-03-01 22:30:39.1120  DEBUG (EventManagement.cs:60) <ConnectAsync>d__10
2020-03-01 22:30:39.1120  DEBUG (EventManagement.cs:60) <StartRecvAsync>d__11
2020-03-01 22:30:39.1120  DEBUG (EventManagement.cs:60) <StartSend>d__14
2020-03-01 22:30:39.1120  DEBUG (EventManagement.cs:60) <>c__DisplayClass3_0
2020-03-01 22:30:39.1120  DEBUG (EventManagement.cs:60) MemoryStreamBufferType
2020-03-01 22:30:39.1120  DEBUG (EventManagement.cs:60) MemoryStreamDiscardReason
2020-03-01 22:30:39.1120  DEBUG (EventManagement.cs:60) <<Awake>b__0>d
2020-03-01 22:30:39.1144  DEBUG (EventManagement.cs:60) Options
2020-03-01 22:30:39.1144  DEBUG (EventManagement.cs:60) SceneType
2020-03-01 22:30:39.1144  DEBUG (EventManagement.cs:60) ServerType
2020-03-01 22:30:39.1144  DEBUG (EventManagement.cs:60) ProtobufHelper
2020-03-01 22:30:39.1144  DEBUG (EventManagement.cs:60) NetInnerComponent
2020-03-01 22:30:39.1144  DEBUG (EventManagement.cs:60) NetOuterComponentServiceAwakeSystem
2020-03-01 22:30:39.1151  DEBUG (EventManagement.cs:60) NetOuterComponentConnectAwakeSystem
2020-03-01 22:30:39.1151  DEBUG (EventManagement.cs:60) NetOuterComponent
2020-03-01 22:30:39.1151  DEBUG (EventManagement.cs:60) ProtobufMessagePacker
2020-03-01 22:30:39.1151  DEBUG (EventManagement.cs:60) OuterMessageReflection
2020-03-01 22:30:39.1151  DEBUG (EventManagement.cs:60) TestMessage
2020-03-01 22:30:39.1226  DEBUG (EventManagement.cs:60) LoginRequest
2020-03-01 22:30:39.1226  DEBUG (EventManagement.cs:60) RegRequest
2020-03-01 22:30:39.1230  DEBUG (EventManagement.cs:60) GetNameRequest
2020-03-01 22:30:39.1242  DEBUG (EventManagement.cs:60) GetNameResponse
2020-03-01 22:30:39.1242  DEBUG (EventManagement.cs:60) OuterOpcode
2020-03-01 22:30:39.1242  DEBUG (EventManagement.cs:60) AConfig`1
2020-03-01 22:30:39.1242  DEBUG (EventManagement.cs:60) SceneConfigData
2020-03-01 22:30:39.1242  DEBUG (EventManagement.cs:60) ServerConfigData
2020-03-01 22:30:39.1242  DEBUG (EventManagement.cs:60) SceneConfig
2020-03-01 22:30:39.1242  DEBUG (EventManagement.cs:60) ServerConfig
2020-03-01 22:30:39.1250  DEBUG (EventManagement.cs:60) <>c
2020-03-01 22:30:39.1250  DEBUG (EventManagement.cs:60) <>c
2020-03-01 22:30:39.1250  DEBUG (EventManagement.cs:60) <>c
2020-03-01 22:30:39.1250  DEBUG (EventManagement.cs:60) <>c
2020-03-01 22:30:39.1250  DEBUG (EventManagement.cs:60) <>c
2020-03-01 22:30:39.1250  DEBUG (EventManagement.cs:60) TestMessageHandler
2020-03-01 22:30:39.1267  DEBUG (EventManagement.cs:60) LoginRequestHandler
2020-03-01 22:30:39.1267  DEBUG (EventManagement.cs:60) GetNameRequestHandler
2020-03-01 22:30:39.2185  DEBUG (EventManagement.cs:60) NetworkProtocolManage
2020-03-01 22:30:39.2185  DEBUG (EventManagement.cs:60) RecyclableMemoryStreamManager
2020-03-01 22:30:39.2185  DEBUG (EventManagement.cs:60) RecyclableMemoryStream
2020-03-01 22:30:39.2185  DEBUG (EventManagement.cs:60) App
2020-03-01 22:30:39.2185  DEBUG (EventManagement.cs:60) AsyncSTaskMethodBuilder
2020-03-01 22:30:39.2185  DEBUG (EventManagement.cs:60) AsyncSTaskMethodBuilder`1
2020-03-01 22:30:39.2185  DEBUG (EventManagement.cs:60) AsyncSVoidMethodBuilder
2020-03-01 22:30:39.2185  DEBUG (EventManagement.cs:60) IAwaiter
2020-03-01 22:30:39.2190  DEBUG (EventManagement.cs:60) IAwaiter`1
2020-03-01 22:30:39.2225  DEBUG (EventManagement.cs:60) IAwaitable`1
2020-03-01 22:30:39.2225  DEBUG (EventManagement.cs:60) IAwaitable`2
2020-03-01 22:30:39.2225  DEBUG (EventManagement.cs:60) ITask
2020-03-01 22:30:39.2225  DEBUG (EventManagement.cs:60) ITask`1
2020-03-01 22:30:39.2225  DEBUG (EventManagement.cs:60) STask
2020-03-01 22:30:39.2225  DEBUG (EventManagement.cs:60) STask`1
2020-03-01 22:30:39.2230  DEBUG (EventManagement.cs:60) STaskAwaiter
2020-03-01 22:30:39.2230  DEBUG (EventManagement.cs:60) STaskAwaiter`1
2020-03-01 22:30:39.2230  DEBUG (EventManagement.cs:60) STaskCompletionSource
2020-03-01 22:30:39.2230  DEBUG (EventManagement.cs:60) STaskCompletionSource`1
2020-03-01 22:30:39.2230  DEBUG (EventManagement.cs:60) SVoid
2020-03-01 22:30:39.2230  DEBUG (EventManagement.cs:60) SVoidAwaiter
2020-03-01 22:30:39.2230  DEBUG (EventManagement.cs:60) Component
2020-03-01 22:30:39.2230  DEBUG (EventManagement.cs:60) ComponentFactory
2020-03-01 22:30:39.2230  DEBUG (EventManagement.cs:60) Log
2020-03-01 22:30:39.2230  DEBUG (EventManagement.cs:60) Scene
2020-03-01 22:30:39.2230  DEBUG (EventManagement.cs:60) NetworkProtocolType
2020-03-01 22:30:39.2230  DEBUG (EventManagement.cs:60) NetworkComponent
2020-03-01 22:30:39.2230  DEBUG (EventManagement.cs:60) ProcessWatcherComponent
2020-03-01 22:30:39.2240  DEBUG (EventManagement.cs:60) SessionAwakeSystem
2020-03-01 22:30:39.2240  DEBUG (EventManagement.cs:60) Session
2020-03-01 22:30:39.2240  DEBUG (EventManagement.cs:60) IdFactory
2020-03-01 22:30:39.2240  DEBUG (EventManagement.cs:60) NetworkHelper
2020-03-01 22:30:39.2240  DEBUG (EventManagement.cs:60) ObjectPool`1
2020-03-01 22:30:39.2240  DEBUG (EventManagement.cs:60) MemoryStreamPool
2020-03-01 22:30:39.2240  DEBUG (EventManagement.cs:60) SerializationHelper
2020-03-01 22:30:39.2240  DEBUG (EventManagement.cs:60) TimeHelper
2020-03-01 22:30:39.2240  DEBUG (EventManagement.cs:60) TaskSchedulingComponentAwakeSystem
2020-03-01 22:30:39.2240  DEBUG (EventManagement.cs:60) TaskProcessingComponent
2020-03-01 22:30:39.2240  DEBUG (EventManagement.cs:60) AMessagePacker
2020-03-01 22:30:39.2240  DEBUG (EventManagement.cs:60) HttpMessageHandler`2
2020-03-01 22:30:39.2240  DEBUG (EventManagement.cs:60) MessageDispatcher
2020-03-01 22:30:39.2240  DEBUG (EventManagement.cs:60) MessageHandler`1
2020-03-01 22:30:39.2240  DEBUG (EventManagement.cs:60) RpcMessageHandler`2
2020-03-01 22:30:39.2250  DEBUG (EventManagement.cs:60) IMessageHandler
2020-03-01 22:30:39.2250  DEBUG (EventManagement.cs:60) MessageAttribute
2020-03-01 22:30:39.2250  DEBUG (EventManagement.cs:60) MessagePacker
2020-03-01 22:30:39.2250  DEBUG (EventManagement.cs:60) NetworkChannel
2020-03-01 22:30:39.2250  DEBUG (EventManagement.cs:60) NetworkProtocol
2020-03-01 22:30:39.2250  DEBUG (EventManagement.cs:60) ErrorCode
2020-03-01 22:30:39.2250  DEBUG (EventManagement.cs:60) HttpComponentAwakeSystem
2020-03-01 22:30:39.2250  DEBUG (EventManagement.cs:60) HttpComponent
2020-03-01 22:30:39.2250  DEBUG (EventManagement.cs:60) IMessage
2020-03-01 22:30:39.2250  DEBUG (EventManagement.cs:60) IRequest
2020-03-01 22:30:39.2250  DEBUG (EventManagement.cs:60) IResponse
2020-03-01 22:30:39.2250  DEBUG (EventManagement.cs:60) ErrorResponse
2020-03-01 22:30:39.2250  DEBUG (EventManagement.cs:60) PacketParser
2020-03-01 22:30:39.2250  DEBUG (EventManagement.cs:60) SocketAsyncEventArg
2020-03-01 22:30:39.2250  DEBUG (EventManagement.cs:60) TCPChannelComponentConnectAwakeSystem
2020-03-01 22:30:39.2250  DEBUG (EventManagement.cs:60) TCPChannelComponentAwakeSystem
2020-03-01 22:30:39.2260  DEBUG (EventManagement.cs:60) TCPChannelComponent
2020-03-01 22:30:39.2260  DEBUG (EventManagement.cs:60) TCPComponentAwakeSystem
2020-03-01 22:30:39.2260  DEBUG (EventManagement.cs:60) TCPComponent
2020-03-01 22:30:39.2260  DEBUG (EventManagement.cs:60) WebSocketChannelComponentAcceptAwakeSystem
2020-03-01 22:30:39.2260  DEBUG (EventManagement.cs:60) WebSocketChannelComponentConnectAwakeSystem
2020-03-01 22:30:39.2260  DEBUG (EventManagement.cs:60) WebSocketChannelComponent
2020-03-01 22:30:39.2260  DEBUG (EventManagement.cs:60) WebSocketComponentAwakeSystem
2020-03-01 22:30:39.2260  DEBUG (EventManagement.cs:60) WebSocketComponent
2020-03-01 22:30:39.2260  DEBUG (EventManagement.cs:60) BaseAttribute
2020-03-01 22:30:39.2260  DEBUG (EventManagement.cs:60) ComponentSystemAttribute
2020-03-01 22:30:39.2260  DEBUG (EventManagement.cs:60) EventSystemAttribute
2020-03-01 22:30:39.2260  DEBUG (EventManagement.cs:60) MessageSystemAttribute
2020-03-01 22:30:39.2260  DEBUG (EventManagement.cs:60) IAwakeSystem
2020-03-01 22:30:39.2260  DEBUG (EventManagement.cs:60) AwakeSystem`1
2020-03-01 22:30:39.2270  DEBUG (EventManagement.cs:60) AwakeSystem`2
2020-03-01 22:30:39.2270  DEBUG (EventManagement.cs:60) AwakeSystem`3
2020-03-01 22:30:39.2270  DEBUG (EventManagement.cs:60) AwakeSystem`4
2020-03-01 22:30:39.2270  DEBUG (EventManagement.cs:60) AwakeSystem`5
2020-03-01 22:30:39.2270  DEBUG (EventManagement.cs:60) IDestroySystem
2020-03-01 22:30:39.2270  DEBUG (EventManagement.cs:60) DestroySystem`1
2020-03-01 22:30:39.2270  DEBUG (EventManagement.cs:60) EventHandlerSystem
2020-03-01 22:30:39.2270  DEBUG (EventManagement.cs:60) EventHandlerSystem`1
2020-03-01 22:30:39.2270  DEBUG (EventManagement.cs:60) EventHandlerSystem`2
2020-03-01 22:30:39.2270  DEBUG (EventManagement.cs:60) EventHandlerSystem`3
2020-03-01 22:30:39.2270  DEBUG (EventManagement.cs:60) EventHandlerSystem`4
2020-03-01 22:30:39.2270  DEBUG (EventManagement.cs:60) EventHandlerSystem`5
2020-03-01 22:30:39.2270  DEBUG (EventManagement.cs:60) EventManagement
2020-03-01 22:30:39.2270  DEBUG (EventManagement.cs:60) IEvent
2020-03-01 22:30:39.2270  DEBUG (EventManagement.cs:60) IEvent`1
2020-03-01 22:30:39.2270  DEBUG (EventManagement.cs:60) IEvent`2
2020-03-01 22:30:39.2280  DEBUG (EventManagement.cs:60) IEvent`3
2020-03-01 22:30:39.2280  DEBUG (EventManagement.cs:60) IEvent`4
2020-03-01 22:30:39.2280  DEBUG (EventManagement.cs:60) IEvent`5
2020-03-01 22:30:39.2280  DEBUG (EventManagement.cs:60) CircularBuffer
2020-03-01 22:30:39.2280  DEBUG (EventManagement.cs:60) DoubleMapDIc`2
2020-03-01 22:30:39.2280  DEBUG (EventManagement.cs:60) OneToManyDic`3
2020-03-01 22:30:39.2280  DEBUG (EventManagement.cs:60) OneToManyHashSet`2
2020-03-01 22:30:39.2280  DEBUG (EventManagement.cs:60) OneToManyList`2
2020-03-01 22:30:39.2280  DEBUG (EventManagement.cs:60) OneToManyQueue`2
2020-03-01 22:30:39.2280  DEBUG (EventManagement.cs:60) ConfigAttribute
2020-03-01 22:30:39.2280  DEBUG (EventManagement.cs:60) IConfig
2020-03-01 22:30:39.2280  DEBUG (EventManagement.cs:60) Events
2020-03-01 22:30:39.2280  DEBUG (EventManagement.cs:60) EventHandler
2020-03-01 22:30:39.2280  DEBUG (EventManagement.cs:60) LargeBufferDiscardedEventHandler
2020-03-01 22:30:39.2280  DEBUG (EventManagement.cs:60) StreamLengthReportHandler
2020-03-01 22:30:39.2290  DEBUG (EventManagement.cs:60) UsageReportEventHandler
2020-03-01 22:30:39.2290  DEBUG (EventManagement.cs:60) BlockAndOffset
2020-03-01 22:30:39.2290  DEBUG (EventManagement.cs:60) <>c__DisplayClass16_0`1
2020-03-01 22:30:39.2290  DEBUG (EventManagement.cs:60) <>c__DisplayClass17_0
2020-03-01 22:30:39.2290  DEBUG (EventManagement.cs:60) <>c
2020-03-01 22:30:39.2290  DEBUG (EventManagement.cs:60) <Handle>d__2
2020-03-01 22:30:39.2290  DEBUG (EventManagement.cs:60) <>c__DisplayClass7_0
2020-03-01 22:30:39.2290  DEBUG (EventManagement.cs:60) <>c__DisplayClass9_0
2020-03-01 22:30:39.2290  DEBUG (EventManagement.cs:60) <>c__DisplayClass20_0
2020-03-01 22:30:39.2290  DEBUG (EventManagement.cs:60) <ConnectAsync>d__10
2020-03-01 22:30:39.2290  DEBUG (EventManagement.cs:60) <StartRecvAsync>d__11
2020-03-01 22:30:39.2290  DEBUG (EventManagement.cs:60) <StartSend>d__14
2020-03-01 22:30:39.2290  DEBUG (EventManagement.cs:60) <>c__DisplayClass3_0
2020-03-01 22:30:39.2290  DEBUG (EventManagement.cs:60) MemoryStreamBufferType
2020-03-01 22:30:39.2290  DEBUG (EventManagement.cs:60) MemoryStreamDiscardReason
2020-03-01 22:30:39.2290  DEBUG (EventManagement.cs:60) <<Awake>b__0>d
2020-03-01 22:30:39.2290  DEBUG (EventManagement.cs:60) Options
2020-03-01 22:30:39.2290  DEBUG (EventManagement.cs:60) SceneType
2020-03-01 22:30:39.2300  DEBUG (EventManagement.cs:60) ServerType
2020-03-01 22:30:39.2300  DEBUG (EventManagement.cs:60) ProtobufHelper
2020-03-01 22:30:39.2300  DEBUG (EventManagement.cs:60) NetInnerComponent
2020-03-01 22:30:39.2300  DEBUG (EventManagement.cs:60) NetOuterComponentServiceAwakeSystem
2020-03-01 22:30:39.2300  DEBUG (EventManagement.cs:60) NetOuterComponentConnectAwakeSystem
2020-03-01 22:30:39.2300  DEBUG (EventManagement.cs:60) NetOuterComponent
2020-03-01 22:30:39.2300  DEBUG (EventManagement.cs:60) ProtobufMessagePacker
2020-03-01 22:30:39.2300  DEBUG (EventManagement.cs:60) OuterMessageReflection
2020-03-01 22:30:39.2300  DEBUG (EventManagement.cs:60) TestMessage
2020-03-01 22:30:39.2300  DEBUG (EventManagement.cs:60) LoginRequest
2020-03-01 22:30:39.2300  DEBUG (EventManagement.cs:60) RegRequest
2020-03-01 22:30:39.2300  DEBUG (EventManagement.cs:60) GetNameRequest
2020-03-01 22:30:39.2300  DEBUG (EventManagement.cs:60) GetNameResponse
2020-03-01 22:30:39.2300  DEBUG (EventManagement.cs:60) OuterOpcode
2020-03-01 22:30:39.2310  DEBUG (EventManagement.cs:60) AConfig`1
2020-03-01 22:30:39.2310  DEBUG (EventManagement.cs:60) SceneConfigData
2020-03-01 22:30:39.2310  DEBUG (EventManagement.cs:60) ServerConfigData
2020-03-01 22:30:39.2310  DEBUG (EventManagement.cs:60) SceneConfig
2020-03-01 22:30:39.2310  DEBUG (EventManagement.cs:60) ServerConfig
2020-03-01 22:30:39.2310  DEBUG (EventManagement.cs:60) <>c
2020-03-01 22:30:39.2310  DEBUG (EventManagement.cs:60) <>c
2020-03-01 22:30:39.2310  DEBUG (EventManagement.cs:60) <>c
2020-03-01 22:30:39.2310  DEBUG (EventManagement.cs:60) <>c
2020-03-01 22:30:39.2310  DEBUG (EventManagement.cs:60) <>c
2020-03-01 22:30:39.2310  DEBUG (EventManagement.cs:60) TestMessageHandler
2020-03-01 22:30:39.2310  DEBUG (EventManagement.cs:60) LoginRequestHandler
2020-03-01 22:30:39.2310  DEBUG (EventManagement.cs:60) GetNameRequestHandler
2020-03-01 22:31:24.5038  DEBUG (EventManagement.cs:60) NetworkProtocolManage
2020-03-01 22:31:25.6007  DEBUG (EventManagement.cs:60) RecyclableMemoryStreamManager
2020-03-01 22:31:25.7260  DEBUG (EventManagement.cs:60) RecyclableMemoryStream
2020-03-01 22:31:25.8774  DEBUG (EventManagement.cs:60) App
2020-03-01 22:31:26.0350  DEBUG (EventManagement.cs:60) AsyncSTaskMethodBuilder
2020-03-01 22:31:26.2074  DEBUG (EventManagement.cs:60) AsyncSTaskMethodBuilder`1
2020-03-01 22:31:26.3419  DEBUG (EventManagement.cs:60) AsyncSVoidMethodBuilder
2020-03-01 22:31:26.5049  DEBUG (EventManagement.cs:60) IAwaiter
2020-03-01 22:31:26.8029  DEBUG (EventManagement.cs:60) IAwaiter`1
2020-03-01 22:31:26.9603  DEBUG (EventManagement.cs:60) IAwaitable`1
2020-03-01 22:31:27.1746  DEBUG (EventManagement.cs:60) IAwaitable`2
2020-03-01 22:31:27.2973  DEBUG (EventManagement.cs:60) ITask
2020-03-01 22:31:27.4362  DEBUG (EventManagement.cs:60) ITask`1
2020-03-01 22:31:27.7147  DEBUG (EventManagement.cs:60) STask
2020-03-01 22:31:27.8726  DEBUG (EventManagement.cs:60) STask`1
2020-03-01 22:31:28.0075  DEBUG (EventManagement.cs:60) STaskAwaiter
2020-03-01 22:31:28.1303  DEBUG (EventManagement.cs:60) STaskAwaiter`1
2020-03-01 22:31:28.2481  DEBUG (EventManagement.cs:60) STaskCompletionSource
2020-03-01 22:31:28.3666  DEBUG (EventManagement.cs:60) STaskCompletionSource`1
2020-03-01 22:31:28.4847  DEBUG (EventManagement.cs:60) SVoid
2020-03-01 22:31:28.6511  DEBUG (EventManagement.cs:60) SVoidAwaiter
2020-03-01 22:31:28.7976  DEBUG (EventManagement.cs:60) Component
2020-03-01 22:31:28.9482  DEBUG (EventManagement.cs:60) ComponentFactory
2020-03-01 22:31:29.1523  DEBUG (EventManagement.cs:60) Log
2020-03-01 22:31:29.2718  DEBUG (EventManagement.cs:60) Scene
2020-03-01 22:31:29.3903  DEBUG (SerializationHelper.cs:31) Scene
2020-03-01 22:31:29.4901  DEBUG (EventManagement.cs:60) NetworkProtocolType
2020-03-01 22:31:29.6508  DEBUG (EventManagement.cs:60) NetworkComponent
2020-03-01 22:31:29.8282  DEBUG (SerializationHelper.cs:31) NetworkComponent
2020-03-01 22:31:29.8292  DEBUG (EventManagement.cs:60) ProcessWatcherComponent
2020-03-01 22:31:30.0122  DEBUG (SerializationHelper.cs:31) ProcessWatcherComponent
2020-03-01 22:31:30.0128  DEBUG (EventManagement.cs:60) SessionAwakeSystem
2020-03-01 22:31:30.1983  DEBUG (EventManagement.cs:60) Session
2020-03-01 22:31:30.3386  DEBUG (SerializationHelper.cs:31) Session
2020-03-01 22:31:30.3399  DEBUG (EventManagement.cs:60) IdFactory
2020-03-01 22:31:30.4775  DEBUG (EventManagement.cs:60) NetworkHelper
2020-03-01 22:31:30.6114  DEBUG (EventManagement.cs:60) ObjectPool`1
2020-03-01 22:31:30.7751  DEBUG (EventManagement.cs:60) MemoryStreamPool
2020-03-01 22:31:30.9650  DEBUG (EventManagement.cs:60) SerializationHelper
2020-03-01 22:31:31.1393  DEBUG (EventManagement.cs:60) TimeHelper
2020-03-01 22:31:31.2890  DEBUG (EventManagement.cs:60) TaskSchedulingComponentAwakeSystem
2020-03-01 22:31:31.4342  DEBUG (EventManagement.cs:60) TaskProcessingComponent
2020-03-01 22:31:31.5615  DEBUG (SerializationHelper.cs:31) TaskProcessingComponent
2020-03-01 22:31:31.5615  DEBUG (EventManagement.cs:60) AMessagePacker
2020-03-01 22:31:31.6952  DEBUG (SerializationHelper.cs:31) AMessagePacker
2020-03-01 22:31:31.6972  DEBUG (EventManagement.cs:60) HttpMessageHandler`2
2020-03-01 22:31:31.8655  DEBUG (EventManagement.cs:60) MessageDispatcher
2020-03-01 22:31:32.0324  DEBUG (EventManagement.cs:60) MessageHandler`1
2020-03-01 22:31:32.1827  DEBUG (EventManagement.cs:60) RpcMessageHandler`2
2020-03-01 22:31:32.3088  DEBUG (EventManagement.cs:60) IMessageHandler
2020-03-01 22:31:32.4323  DEBUG (EventManagement.cs:60) MessageAttribute
2020-03-01 22:31:32.5563  DEBUG (EventManagement.cs:60) MessagePacker
2020-03-01 22:31:32.6816  DEBUG (SerializationHelper.cs:31) MessagePacker
2020-03-01 22:31:32.6822  DEBUG (EventManagement.cs:60) NetworkChannel
2020-03-01 22:31:32.8115  DEBUG (SerializationHelper.cs:31) NetworkChannel
2020-03-01 22:31:32.8115  DEBUG (EventManagement.cs:60) NetworkProtocol
2020-03-01 22:31:32.9345  DEBUG (SerializationHelper.cs:31) NetworkProtocol
2020-03-01 22:31:32.9345  DEBUG (EventManagement.cs:60) ErrorCode
2020-03-01 22:31:33.0581  DEBUG (EventManagement.cs:60) HttpComponentAwakeSystem
2020-03-01 22:31:33.1790  DEBUG (EventManagement.cs:60) HttpComponent
2020-03-01 22:31:33.3063  DEBUG (SerializationHelper.cs:31) HttpComponent
2020-03-01 22:31:33.3063  DEBUG (EventManagement.cs:60) IMessage
2020-03-01 22:31:33.4294  DEBUG (EventManagement.cs:60) IRequest
2020-03-01 22:31:33.5508  DEBUG (EventManagement.cs:60) IResponse
2020-03-01 22:31:33.6720  DEBUG (EventManagement.cs:60) ErrorResponse
2020-03-01 22:31:33.7972  DEBUG (EventManagement.cs:60) PacketParser
2020-03-01 22:31:33.9478  DEBUG (EventManagement.cs:60) SocketAsyncEventArg
2020-03-01 22:31:34.0894  DEBUG (EventManagement.cs:60) TCPChannelComponentConnectAwakeSystem
2020-03-01 22:31:34.2191  DEBUG (EventManagement.cs:60) TCPChannelComponentAwakeSystem
2020-03-01 22:31:34.3424  DEBUG (EventManagement.cs:60) TCPChannelComponent
2020-03-01 22:31:34.4615  DEBUG (SerializationHelper.cs:31) TCPChannelComponent
2020-03-01 22:31:34.4623  DEBUG (EventManagement.cs:60) TCPComponentAwakeSystem
2020-03-01 22:31:34.5871  DEBUG (EventManagement.cs:60) TCPComponent
2020-03-01 22:31:34.7076  DEBUG (SerializationHelper.cs:31) TCPComponent
2020-03-01 22:31:34.7076  DEBUG (EventManagement.cs:60) WebSocketChannelComponentAcceptAwakeSystem
2020-03-01 22:31:34.8394  DEBUG (EventManagement.cs:60) WebSocketChannelComponentConnectAwakeSystem
2020-03-01 22:31:35.0844  DEBUG (EventManagement.cs:60) WebSocketChannelComponent
2020-03-01 22:31:35.2337  DEBUG (SerializationHelper.cs:31) WebSocketChannelComponent
2020-03-01 22:31:35.2343  DEBUG (EventManagement.cs:60) WebSocketComponentAwakeSystem
2020-03-01 22:31:35.3923  DEBUG (EventManagement.cs:60) WebSocketComponent
2020-03-01 22:31:35.5331  DEBUG (SerializationHelper.cs:31) WebSocketComponent
2020-03-01 22:31:35.5336  DEBUG (EventManagement.cs:60) BaseAttribute
2020-03-01 22:31:35.6625  DEBUG (EventManagement.cs:60) ComponentSystemAttribute
2020-03-01 22:31:35.8014  DEBUG (EventManagement.cs:60) EventSystemAttribute
2020-03-01 22:31:35.9257  DEBUG (EventManagement.cs:60) MessageSystemAttribute
2020-03-01 22:31:36.0471  DEBUG (EventManagement.cs:60) IAwakeSystem
2020-03-01 22:31:36.1688  DEBUG (EventManagement.cs:60) AwakeSystem`1
2020-03-01 22:31:36.2937  DEBUG (EventManagement.cs:60) AwakeSystem`2
2020-03-01 22:31:36.4154  DEBUG (EventManagement.cs:60) AwakeSystem`3
2020-03-01 22:31:36.5377  DEBUG (EventManagement.cs:60) AwakeSystem`4
2020-03-01 22:31:36.6594  DEBUG (EventManagement.cs:60) AwakeSystem`5
2020-03-01 22:31:36.7834  DEBUG (EventManagement.cs:60) IDestroySystem
2020-03-01 22:31:36.9025  DEBUG (EventManagement.cs:60) DestroySystem`1
2020-03-01 22:31:37.0224  DEBUG (EventManagement.cs:60) EventHandlerSystem
2020-03-01 22:31:37.1432  DEBUG (EventManagement.cs:60) EventHandlerSystem`1
2020-03-01 22:31:37.2676  DEBUG (EventManagement.cs:60) EventHandlerSystem`2
2020-03-01 22:31:37.3906  DEBUG (EventManagement.cs:60) EventHandlerSystem`3
2020-03-01 22:31:37.5270  DEBUG (EventManagement.cs:60) EventHandlerSystem`4
2020-03-01 22:31:37.6576  DEBUG (EventManagement.cs:60) EventHandlerSystem`5
2020-03-01 22:31:37.8360  DEBUG (EventManagement.cs:60) EventManagement
2020-03-01 22:31:38.0058  DEBUG (EventManagement.cs:60) IEvent
2020-03-01 22:31:38.2028  DEBUG (EventManagement.cs:60) IEvent`1
2020-03-01 22:31:38.3824  DEBUG (EventManagement.cs:60) IEvent`2
2020-03-01 22:31:38.5190  DEBUG (EventManagement.cs:60) IEvent`3
2020-03-01 22:31:38.6629  DEBUG (EventManagement.cs:60) IEvent`4
2020-03-01 22:31:38.8006  DEBUG (EventManagement.cs:60) IEvent`5
2020-03-01 22:31:38.9228  DEBUG (EventManagement.cs:60) CircularBuffer
2020-03-01 22:31:39.0491  DEBUG (EventManagement.cs:60) DoubleMapDIc`2
2020-03-01 22:31:39.1846  DEBUG (EventManagement.cs:60) OneToManyDic`3
2020-03-01 22:31:39.3106  DEBUG (EventManagement.cs:60) OneToManyHashSet`2
2020-03-01 22:31:39.4370  DEBUG (EventManagement.cs:60) OneToManyList`2
2020-03-01 22:31:39.5588  DEBUG (EventManagement.cs:60) OneToManyQueue`2
2020-03-01 22:31:39.7033  DEBUG (EventManagement.cs:60) ConfigAttribute
2020-03-01 22:31:39.8302  DEBUG (EventManagement.cs:60) IConfig
2020-03-01 22:31:39.9583  DEBUG (EventManagement.cs:60) Events
2020-03-01 22:31:40.0868  DEBUG (EventManagement.cs:60) EventHandler
2020-03-01 22:31:40.2122  DEBUG (EventManagement.cs:60) LargeBufferDiscardedEventHandler
2020-03-01 22:31:40.3423  DEBUG (EventManagement.cs:60) StreamLengthReportHandler
2020-03-01 22:31:40.4693  DEBUG (EventManagement.cs:60) UsageReportEventHandler
2020-03-01 22:31:40.5930  DEBUG (EventManagement.cs:60) BlockAndOffset
2020-03-01 22:31:40.7208  DEBUG (EventManagement.cs:60) <>c__DisplayClass16_0`1
2020-03-01 22:31:40.8495  DEBUG (EventManagement.cs:60) <>c__DisplayClass17_0
2020-03-01 22:31:40.9733  DEBUG (EventManagement.cs:60) <>c
2020-03-01 22:31:41.1028  DEBUG (EventManagement.cs:60) <Handle>d__2
2020-03-01 22:31:41.2259  DEBUG (EventManagement.cs:60) <>c__DisplayClass7_0
2020-03-01 22:31:41.3560  DEBUG (EventManagement.cs:60) <>c__DisplayClass9_0
2020-03-01 22:31:41.4834  DEBUG (EventManagement.cs:60) <>c__DisplayClass20_0
2020-03-01 22:31:41.6584  DEBUG (EventManagement.cs:60) <ConnectAsync>d__10
2020-03-01 22:31:41.7919  DEBUG (EventManagement.cs:60) <StartRecvAsync>d__11
2020-03-01 22:31:41.9248  DEBUG (EventManagement.cs:60) <StartSend>d__14
2020-03-01 22:31:42.0513  DEBUG (EventManagement.cs:60) <>c__DisplayClass3_0
2020-03-01 22:31:42.1738  DEBUG (EventManagement.cs:60) MemoryStreamBufferType
2020-03-01 22:31:42.3033  DEBUG (EventManagement.cs:60) MemoryStreamDiscardReason
2020-03-01 22:31:42.4273  DEBUG (EventManagement.cs:60) <<Awake>b__0>d
2020-03-01 22:31:42.5707  DEBUG (EventManagement.cs:60) Options
2020-03-01 22:31:42.7052  DEBUG (SerializationHelper.cs:31) Options
2020-03-01 22:31:42.7090  DEBUG (EventManagement.cs:60) SceneType
2020-03-01 22:31:42.8460  DEBUG (EventManagement.cs:60) ServerType
2020-03-01 22:31:42.9697  DEBUG (EventManagement.cs:60) ProtobufHelper
2020-03-01 22:31:43.0922  DEBUG (EventManagement.cs:60) NetInnerComponent
2020-03-01 22:31:43.2179  DEBUG (SerializationHelper.cs:31) NetInnerComponent
2020-03-01 22:31:43.2184  DEBUG (EventManagement.cs:60) NetOuterComponentServiceAwakeSystem
2020-03-01 22:31:43.3460  DEBUG (EventManagement.cs:60) NetOuterComponentConnectAwakeSystem
2020-03-01 22:31:43.4697  DEBUG (EventManagement.cs:60) NetOuterComponent
2020-03-01 22:31:43.6019  DEBUG (SerializationHelper.cs:31) NetOuterComponent
2020-03-01 22:31:43.6024  DEBUG (EventManagement.cs:60) ProtobufMessagePacker
2020-03-01 22:31:43.7348  DEBUG (SerializationHelper.cs:31) ProtobufMessagePacker
2020-03-01 22:31:43.7353  DEBUG (EventManagement.cs:60) OuterMessageReflection
2020-03-01 22:31:43.8658  DEBUG (EventManagement.cs:60) TestMessage
2020-03-01 22:31:43.9935  DEBUG (EventManagement.cs:60) LoginRequest
2020-03-01 22:31:44.1218  DEBUG (EventManagement.cs:60) RegRequest
2020-03-01 22:31:44.2426  DEBUG (EventManagement.cs:60) GetNameRequest
2020-03-01 22:31:44.3745  DEBUG (EventManagement.cs:60) GetNameResponse
2020-03-01 22:31:44.4998  DEBUG (EventManagement.cs:60) OuterOpcode
2020-03-01 22:32:29.4440  DEBUG (SerializationHelper.cs:31) Scene
2020-03-01 22:32:29.7794  DEBUG (SerializationHelper.cs:31) NetworkComponent
2020-03-01 22:32:29.8643  DEBUG (SerializationHelper.cs:31) ProcessWatcherComponent
2020-03-01 22:32:30.0742  DEBUG (SerializationHelper.cs:31) Session
2020-03-01 22:32:30.7438  DEBUG (SerializationHelper.cs:31) TaskProcessingComponent
2020-03-01 22:32:30.8287  DEBUG (SerializationHelper.cs:31) AMessagePacker
2020-03-01 22:32:31.4278  DEBUG (SerializationHelper.cs:31) MessagePacker
2020-03-01 22:32:31.5103  DEBUG (SerializationHelper.cs:31) NetworkChannel
2020-03-01 22:32:31.5969  DEBUG (SerializationHelper.cs:31) NetworkProtocol
2020-03-01 22:32:31.8526  DEBUG (SerializationHelper.cs:31) HttpComponent
2020-03-01 22:32:32.6174  DEBUG (SerializationHelper.cs:31) TCPChannelComponent
2020-03-01 22:32:32.7919  DEBUG (SerializationHelper.cs:31) TCPComponent
2020-03-01 22:32:33.0441  DEBUG (SerializationHelper.cs:31) WebSocketChannelComponent
2020-03-01 22:32:33.2149  DEBUG (SerializationHelper.cs:31) WebSocketComponent
2020-03-01 22:32:37.6466  DEBUG (SerializationHelper.cs:31) Options
2020-03-01 22:32:37.9877  DEBUG (SerializationHelper.cs:31) NetInnerComponent
2020-03-01 22:32:38.2501  DEBUG (SerializationHelper.cs:31) NetOuterComponent
2020-03-01 22:32:38.3341  DEBUG (SerializationHelper.cs:31) ProtobufMessagePacker
2020-03-01 22:34:30.7212  DEBUG (SerializationHelper.cs:31) Scene
2020-03-01 22:34:31.0333  DEBUG (SerializationHelper.cs:31) NetworkComponent
2020-03-01 22:34:31.1189  DEBUG (SerializationHelper.cs:31) ProcessWatcherComponent
2020-03-01 22:34:31.2916  DEBUG (SerializationHelper.cs:31) Session
2020-03-01 22:34:31.9599  DEBUG (SerializationHelper.cs:31) TaskProcessingComponent
2020-03-01 22:34:32.0410  DEBUG (SerializationHelper.cs:31) AMessagePacker
2020-03-01 22:34:32.6314  DEBUG (SerializationHelper.cs:31) MessagePacker
2020-03-01 22:34:32.7131  DEBUG (SerializationHelper.cs:31) NetworkChannel
2020-03-01 22:34:32.8010  DEBUG (SerializationHelper.cs:31) NetworkProtocol
2020-03-01 22:34:33.0674  DEBUG (SerializationHelper.cs:31) HttpComponent
2020-03-01 22:34:33.8476  DEBUG (SerializationHelper.cs:31) TCPChannelComponent
2020-03-01 22:34:34.0259  DEBUG (SerializationHelper.cs:31) TCPComponent
2020-03-01 22:34:34.2806  DEBUG (SerializationHelper.cs:31) WebSocketChannelComponent
2020-03-01 22:34:34.4635  DEBUG (SerializationHelper.cs:31) WebSocketComponent
2020-03-01 22:34:37.1857  DEBUG (SerializationHelper.cs:31) IConfig
2020-03-01 22:36:30.2451  DEBUG (SerializationHelper.cs:31) Scene
2020-03-01 22:36:30.5535  DEBUG (SerializationHelper.cs:31) NetworkComponent
2020-03-01 22:36:30.6393  DEBUG (SerializationHelper.cs:31) ProcessWatcherComponent
2020-03-01 22:36:30.8440  DEBUG (SerializationHelper.cs:31) Session
2020-03-01 22:36:31.5076  DEBUG (SerializationHelper.cs:31) TaskProcessingComponent
2020-03-01 22:36:31.5924  DEBUG (SerializationHelper.cs:31) AMessagePacker
2020-03-01 22:36:32.1836  DEBUG (SerializationHelper.cs:31) MessagePacker
2020-03-01 22:36:32.2669  DEBUG (SerializationHelper.cs:31) NetworkChannel
2020-03-01 22:36:32.3554  DEBUG (SerializationHelper.cs:31) NetworkProtocol
2020-03-01 22:36:32.6123  DEBUG (SerializationHelper.cs:31) HttpComponent
2020-03-01 22:36:33.3689  DEBUG (SerializationHelper.cs:31) TCPChannelComponent
2020-03-01 22:36:33.5365  DEBUG (SerializationHelper.cs:31) TCPComponent
2020-03-01 22:36:33.7832  DEBUG (SerializationHelper.cs:31) WebSocketChannelComponent
2020-03-01 22:36:33.9575  DEBUG (SerializationHelper.cs:31) WebSocketComponent
2020-03-01 22:36:36.6666  DEBUG (SerializationHelper.cs:31) IConfig
2020-03-01 22:36:54.8770  DEBUG (SerializationHelper.cs:31) Scene
2020-03-01 22:36:54.9450  DEBUG (SerializationHelper.cs:31) NetworkComponent
2020-03-01 22:36:54.9456  DEBUG (SerializationHelper.cs:31) ProcessWatcherComponent
2020-03-01 22:36:54.9466  DEBUG (SerializationHelper.cs:31) Session
2020-03-01 22:36:54.9473  DEBUG (SerializationHelper.cs:31) TaskProcessingComponent
2020-03-01 22:36:54.9473  DEBUG (SerializationHelper.cs:31) AMessagePacker
2020-03-01 22:36:54.9473  DEBUG (SerializationHelper.cs:31) MessagePacker
2020-03-01 22:36:54.9483  DEBUG (SerializationHelper.cs:31) NetworkChannel
2020-03-01 22:36:54.9483  DEBUG (SerializationHelper.cs:31) NetworkProtocol
2020-03-01 22:36:54.9492  DEBUG (SerializationHelper.cs:31) HttpComponent
2020-03-01 22:36:54.9503  DEBUG (SerializationHelper.cs:31) TCPChannelComponent
2020-03-01 22:36:54.9503  DEBUG (SerializationHelper.cs:31) TCPComponent
2020-03-01 22:36:54.9527  DEBUG (SerializationHelper.cs:31) WebSocketChannelComponent
2020-03-01 22:36:54.9532  DEBUG (SerializationHelper.cs:31) WebSocketComponent
2020-03-01 22:36:54.9532  DEBUG (SerializationHelper.cs:31) IConfig
2020-03-01 22:38:19.4803  DEBUG (SerializationHelper.cs:32) Scene
2020-03-01 22:38:19.5574  DEBUG (SerializationHelper.cs:32) NetworkComponent
2020-03-01 22:38:19.5580  DEBUG (SerializationHelper.cs:32) ProcessWatcherComponent
2020-03-01 22:38:19.5588  DEBUG (SerializationHelper.cs:32) Session
2020-03-01 22:38:19.5588  DEBUG (SerializationHelper.cs:32) TaskProcessingComponent
2020-03-01 22:38:19.5597  DEBUG (SerializationHelper.cs:32) AMessagePacker
2020-03-01 22:38:19.5597  DEBUG (SerializationHelper.cs:32) MessagePacker
2020-03-01 22:38:19.5597  DEBUG (SerializationHelper.cs:32) NetworkChannel
2020-03-01 22:38:19.5607  DEBUG (SerializationHelper.cs:32) NetworkProtocol
2020-03-01 22:38:19.5607  DEBUG (SerializationHelper.cs:32) HttpComponent
2020-03-01 22:38:19.5617  DEBUG (SerializationHelper.cs:32) TCPChannelComponent
2020-03-01 22:38:19.5617  DEBUG (SerializationHelper.cs:32) TCPComponent
2020-03-01 22:38:19.5617  DEBUG (SerializationHelper.cs:32) WebSocketChannelComponent
2020-03-01 22:38:19.5627  DEBUG (SerializationHelper.cs:32) WebSocketComponent
2020-03-01 22:38:19.5647  DEBUG (SerializationHelper.cs:32) Options
2020-03-01 22:38:19.5656  DEBUG (SerializationHelper.cs:32) NetInnerComponent
2020-03-01 22:38:19.5656  DEBUG (SerializationHelper.cs:32) NetOuterComponent
2020-03-01 22:38:19.5656  DEBUG (SerializationHelper.cs:32) ProtobufMessagePacker
2020-03-01 22:38:19.6772  DEBUG (SerializationHelper.cs:32) Scene
2020-03-01 22:38:19.6772  DEBUG (SerializationHelper.cs:32) NetworkComponent
2020-03-01 22:38:19.6776  DEBUG (SerializationHelper.cs:32) ProcessWatcherComponent
2020-03-01 22:38:19.6776  DEBUG (SerializationHelper.cs:32) Session
2020-03-01 22:38:19.6776  DEBUG (SerializationHelper.cs:32) TaskProcessingComponent
2020-03-01 22:38:19.6776  DEBUG (SerializationHelper.cs:32) AMessagePacker
2020-03-01 22:38:19.6788  DEBUG (SerializationHelper.cs:32) MessagePacker
2020-03-01 22:38:19.6788  DEBUG (SerializationHelper.cs:32) NetworkChannel
2020-03-01 22:38:19.6788  DEBUG (SerializationHelper.cs:32) NetworkProtocol
2020-03-01 22:38:19.6797  DEBUG (SerializationHelper.cs:32) HttpComponent
2020-03-01 22:38:19.6797  DEBUG (SerializationHelper.cs:32) TCPChannelComponent
2020-03-01 22:38:19.6797  DEBUG (SerializationHelper.cs:32) TCPComponent
2020-03-01 22:38:19.6797  DEBUG (SerializationHelper.cs:32) WebSocketChannelComponent
2020-03-01 22:38:19.6797  DEBUG (SerializationHelper.cs:32) WebSocketComponent
2020-03-01 22:38:19.6807  DEBUG (SerializationHelper.cs:32) Options
2020-03-01 22:38:19.6807  DEBUG (SerializationHelper.cs:32) NetInnerComponent
2020-03-01 22:38:19.6823  DEBUG (SerializationHelper.cs:32) NetOuterComponent
2020-03-01 22:38:19.6823  DEBUG (SerializationHelper.cs:32) ProtobufMessagePacker
2020-03-01 22:38:43.0119  DEBUG (SerializationHelper.cs:32) Scene
2020-03-01 22:38:43.1127  DEBUG (SerializationHelper.cs:32) NetworkComponent
2020-03-01 22:38:43.1127  DEBUG (SerializationHelper.cs:32) ProcessWatcherComponent
2020-03-01 22:38:43.1147  DEBUG (SerializationHelper.cs:32) Session
2020-03-01 22:38:43.1147  DEBUG (SerializationHelper.cs:32) TaskProcessingComponent
2020-03-01 22:38:43.1158  DEBUG (SerializationHelper.cs:32) AMessagePacker
2020-03-01 22:38:43.1158  DEBUG (SerializationHelper.cs:32) MessagePacker
2020-03-01 22:38:43.1167  DEBUG (SerializationHelper.cs:32) NetworkChannel
2020-03-01 22:38:43.1167  DEBUG (SerializationHelper.cs:32) NetworkProtocol
2020-03-01 22:38:43.1167  DEBUG (SerializationHelper.cs:32) HttpComponent
2020-03-01 22:38:43.1180  DEBUG (SerializationHelper.cs:32) TCPChannelComponent
2020-03-01 22:38:43.1180  DEBUG (SerializationHelper.cs:32) TCPComponent
2020-03-01 22:38:43.1189  DEBUG (SerializationHelper.cs:32) WebSocketChannelComponent
2020-03-01 22:38:43.1189  DEBUG (SerializationHelper.cs:32) WebSocketComponent
2020-03-01 22:38:43.1217  DEBUG (SerializationHelper.cs:32) Options
2020-03-01 22:38:43.1228  DEBUG (SerializationHelper.cs:32) NetInnerComponent
2020-03-01 22:38:43.1228  DEBUG (SerializationHelper.cs:32) NetOuterComponent
2020-03-01 22:38:43.1228  DEBUG (SerializationHelper.cs:32) ProtobufMessagePacker
2020-03-01 22:38:43.2157  DEBUG (SerializationHelper.cs:32) Scene
2020-03-01 22:38:43.2157  DEBUG (SerializationHelper.cs:32) NetworkComponent
2020-03-01 22:38:43.2157  DEBUG (SerializationHelper.cs:32) ProcessWatcherComponent
2020-03-01 22:38:43.2157  DEBUG (SerializationHelper.cs:32) Session
2020-03-01 22:38:43.2157  DEBUG (SerializationHelper.cs:32) TaskProcessingComponent
2020-03-01 22:38:43.2157  DEBUG (SerializationHelper.cs:32) AMessagePacker
2020-03-01 22:38:43.2157  DEBUG (SerializationHelper.cs:32) MessagePacker
2020-03-01 22:38:43.2157  DEBUG (SerializationHelper.cs:32) NetworkChannel
2020-03-01 22:38:43.2157  DEBUG (SerializationHelper.cs:32) NetworkProtocol
2020-03-01 22:38:43.2157  DEBUG (SerializationHelper.cs:32) HttpComponent
2020-03-01 22:38:43.2157  DEBUG (SerializationHelper.cs:32) TCPChannelComponent
2020-03-01 22:38:43.2157  DEBUG (SerializationHelper.cs:32) TCPComponent
2020-03-01 22:38:43.2157  DEBUG (SerializationHelper.cs:32) WebSocketChannelComponent
2020-03-01 22:38:43.2167  DEBUG (SerializationHelper.cs:32) WebSocketComponent
2020-03-01 22:38:43.2167  DEBUG (SerializationHelper.cs:32) Options
2020-03-01 22:38:43.2167  DEBUG (SerializationHelper.cs:32) NetInnerComponent
2020-03-01 22:38:43.2183  DEBUG (SerializationHelper.cs:32) NetOuterComponent
2020-03-01 22:38:43.2183  DEBUG (SerializationHelper.cs:32) ProtobufMessagePacker
2020-03-01 22:39:12.8731  DEBUG (SerializationHelper.cs:31) Scene
2020-03-01 22:39:12.9333  DEBUG (SerializationHelper.cs:31) NetworkComponent
2020-03-01 22:39:12.9366  DEBUG (SerializationHelper.cs:31) ProcessWatcherComponent
2020-03-01 22:39:12.9374  DEBUG (SerializationHelper.cs:31) Session
2020-03-01 22:39:12.9381  DEBUG (SerializationHelper.cs:31) TaskProcessingComponent
2020-03-01 22:39:12.9381  DEBUG (SerializationHelper.cs:31) AMessagePacker
2020-03-01 22:39:12.9389  DEBUG (SerializationHelper.cs:31) MessagePacker
2020-03-01 22:39:12.9389  DEBUG (SerializationHelper.cs:31) NetworkChannel
2020-03-01 22:39:12.9389  DEBUG (SerializationHelper.cs:31) NetworkProtocol
2020-03-01 22:39:12.9413  DEBUG (SerializationHelper.cs:31) HttpComponent
2020-03-01 22:39:12.9447  DEBUG (SerializationHelper.cs:31) TCPChannelComponent
2020-03-01 22:39:12.9454  DEBUG (SerializationHelper.cs:31) TCPComponent
2020-03-01 22:39:12.9462  DEBUG (SerializationHelper.cs:31) WebSocketChannelComponent
2020-03-01 22:39:12.9470  DEBUG (SerializationHelper.cs:31) WebSocketComponent
2020-03-01 22:39:12.9509  DEBUG (SerializationHelper.cs:31) Options
2020-03-01 22:39:12.9551  DEBUG (SerializationHelper.cs:31) NetInnerComponent
2020-03-01 22:39:12.9551  DEBUG (SerializationHelper.cs:31) NetOuterComponent
2020-03-01 22:39:12.9560  DEBUG (SerializationHelper.cs:31) ProtobufMessagePacker
2020-03-01 22:39:13.0658  DEBUG (SerializationHelper.cs:31) Scene
2020-03-01 22:39:13.0658  DEBUG (SerializationHelper.cs:31) NetworkComponent
2020-03-01 22:39:13.0658  DEBUG (SerializationHelper.cs:31) ProcessWatcherComponent
2020-03-01 22:39:13.0658  DEBUG (SerializationHelper.cs:31) Session
2020-03-01 22:39:13.0658  DEBUG (SerializationHelper.cs:31) TaskProcessingComponent
2020-03-01 22:39:13.0658  DEBUG (SerializationHelper.cs:31) AMessagePacker
2020-03-01 22:39:13.0658  DEBUG (SerializationHelper.cs:31) MessagePacker
2020-03-01 22:39:13.0658  DEBUG (SerializationHelper.cs:31) NetworkChannel
2020-03-01 22:39:13.0658  DEBUG (SerializationHelper.cs:31) NetworkProtocol
2020-03-01 22:39:13.0658  DEBUG (SerializationHelper.cs:31) HttpComponent
2020-03-01 22:39:13.0658  DEBUG (SerializationHelper.cs:31) TCPChannelComponent
2020-03-01 22:39:13.0658  DEBUG (SerializationHelper.cs:31) TCPComponent
2020-03-01 22:39:13.0669  DEBUG (SerializationHelper.cs:31) WebSocketChannelComponent
2020-03-01 22:39:13.0669  DEBUG (SerializationHelper.cs:31) WebSocketComponent
2020-03-01 22:39:13.0669  DEBUG (SerializationHelper.cs:31) Options
2020-03-01 22:39:13.0669  DEBUG (SerializationHelper.cs:31) NetInnerComponent
2020-03-01 22:39:13.0686  DEBUG (SerializationHelper.cs:31) NetOuterComponent
2020-03-01 22:39:13.0686  DEBUG (SerializationHelper.cs:31) ProtobufMessagePacker
2020-03-01 22:39:37.2691  DEBUG (SerializationHelper.cs:31) Scene
2020-03-01 22:39:37.4267  DEBUG (SerializationHelper.cs:31) NetworkComponent
2020-03-01 22:39:37.4273  DEBUG (SerializationHelper.cs:31) ProcessWatcherComponent
2020-03-01 22:39:37.4281  DEBUG (SerializationHelper.cs:31) Session
2020-03-01 22:39:37.4290  DEBUG (SerializationHelper.cs:31) TaskProcessingComponent
2020-03-01 22:39:37.4290  DEBUG (SerializationHelper.cs:31) AMessagePacker
2020-03-01 22:39:37.4290  DEBUG (SerializationHelper.cs:31) MessagePacker
2020-03-01 22:39:37.4300  DEBUG (SerializationHelper.cs:31) NetworkChannel
2020-03-01 22:39:37.4300  DEBUG (SerializationHelper.cs:31) NetworkProtocol
2020-03-01 22:39:37.4300  DEBUG (SerializationHelper.cs:31) HttpComponent
2020-03-01 22:39:37.4312  DEBUG (SerializationHelper.cs:31) TCPChannelComponent
2020-03-01 22:39:37.4312  DEBUG (SerializationHelper.cs:31) TCPComponent
2020-03-01 22:39:37.4319  DEBUG (SerializationHelper.cs:31) WebSocketChannelComponent
2020-03-01 22:39:37.4319  DEBUG (SerializationHelper.cs:31) WebSocketComponent
2020-03-01 22:39:37.4343  DEBUG (SerializationHelper.cs:31) Options
2020-03-01 22:39:37.4353  DEBUG (SerializationHelper.cs:31) NetInnerComponent
2020-03-01 22:39:37.4353  DEBUG (SerializationHelper.cs:31) NetOuterComponent
2020-03-01 22:39:37.4360  DEBUG (SerializationHelper.cs:31) ProtobufMessagePacker
2020-03-01 22:40:12.8995  DEBUG (SerializationHelper.cs:31) Scene
2020-03-01 22:40:13.0634  DEBUG (SerializationHelper.cs:31) NetworkComponent
2020-03-01 22:40:13.0642  DEBUG (SerializationHelper.cs:31) ProcessWatcherComponent
2020-03-01 22:40:13.0652  DEBUG (SerializationHelper.cs:31) Session
2020-03-01 22:40:13.0662  DEBUG (SerializationHelper.cs:31) TaskProcessingComponent
2020-03-01 22:40:13.0662  DEBUG (SerializationHelper.cs:31) AMessagePacker
2020-03-01 22:40:13.0671  DEBUG (SerializationHelper.cs:31) MessagePacker
2020-03-01 22:40:13.0671  DEBUG (SerializationHelper.cs:31) NetworkChannel
2020-03-01 22:40:13.0671  DEBUG (SerializationHelper.cs:31) NetworkProtocol
2020-03-01 22:40:13.0681  DEBUG (SerializationHelper.cs:31) HttpComponent
2020-03-01 22:40:13.0681  DEBUG (SerializationHelper.cs:31) TCPChannelComponent
2020-03-01 22:40:13.0692  DEBUG (SerializationHelper.cs:31) TCPComponent
2020-03-01 22:40:13.0692  DEBUG (SerializationHelper.cs:31) WebSocketChannelComponent
2020-03-01 22:40:13.0692  DEBUG (SerializationHelper.cs:31) WebSocketComponent
2020-03-01 22:40:13.0997  DEBUG (SerializationHelper.cs:31) Options
2020-03-01 22:40:13.1011  DEBUG (SerializationHelper.cs:31) NetInnerComponent
2020-03-01 22:40:13.1016  DEBUG (SerializationHelper.cs:31) NetOuterComponent
2020-03-01 22:40:13.1016  DEBUG (SerializationHelper.cs:31) ProtobufMessagePacker
2020-03-01 22:40:43.2785  DEBUG (SerializationHelper.cs:31) Scene
2020-03-01 22:40:43.4249  DEBUG (SerializationHelper.cs:31) NetworkComponent
2020-03-01 22:40:43.4259  DEBUG (SerializationHelper.cs:31) ProcessWatcherComponent
2020-03-01 22:40:43.4345  DEBUG (SerializationHelper.cs:31) Session
2020-03-01 22:40:43.4357  DEBUG (SerializationHelper.cs:31) TaskProcessingComponent
2020-03-01 22:40:43.4357  DEBUG (SerializationHelper.cs:31) AMessagePacker
2020-03-01 22:40:43.4368  DEBUG (SerializationHelper.cs:31) MessagePacker
2020-03-01 22:40:43.4368  DEBUG (SerializationHelper.cs:31) NetworkChannel
2020-03-01 22:40:43.4375  DEBUG (SerializationHelper.cs:31) NetworkProtocol
2020-03-01 22:40:43.4375  DEBUG (SerializationHelper.cs:31) HttpComponent
2020-03-01 22:40:43.4387  DEBUG (SerializationHelper.cs:31) TCPChannelComponent
2020-03-01 22:40:43.4387  DEBUG (SerializationHelper.cs:31) TCPComponent
2020-03-01 22:40:43.4397  DEBUG (SerializationHelper.cs:31) WebSocketChannelComponent
2020-03-01 22:40:43.4397  DEBUG (SerializationHelper.cs:31) WebSocketComponent
2020-03-01 22:40:43.4691  DEBUG (SerializationHelper.cs:31) Options
2020-03-01 22:40:43.4719  DEBUG (SerializationHelper.cs:31) NetInnerComponent
2020-03-01 22:40:43.4728  DEBUG (SerializationHelper.cs:31) NetOuterComponent
2020-03-01 22:40:43.4736  DEBUG (SerializationHelper.cs:31) ProtobufMessagePacker
2020-03-01 22:52:03.0277  DEBUG (SerializationHelper.cs:31) Component
2020-03-01 22:52:03.1872  DEBUG (SerializationHelper.cs:31) IBson
