2020-02-29 17:59:22.7126  DEBUG (Program.cs:18) Process:0
2020-02-29 17:59:43.8456  DEBUG (Program.cs:18) Process:0
2020-02-29 17:59:52.2573  DEBUG (Program.cs:18) Process:0
2020-02-29 18:00:05.9991  DEBUG (Program.cs:18) Process:0
2020-02-29 18:00:55.7847  DEBUG (Program.cs:18) Process:0
2020-02-29 18:01:04.9049  DEBUG (Program.cs:18) Process:0
2020-02-29 18:03:06.0325  DEBUG (Program.cs:18) Process:0
2020-02-29 18:04:54.1262  DEBUG (Program.cs:13) System.String[]
2020-02-29 18:04:54.2051  DEBUG (Program.cs:20) Process:0
2020-02-29 18:06:15.2648  DEBUG (Program.cs:15) 
2020-02-29 18:06:15.4209  DEBUG (Program.cs:22) Process:0
2020-02-29 18:06:26.9635  DEBUG (Program.cs:15) process=100
2020-02-29 18:06:27.0364  DEBUG (Program.cs:22) Process:0
2020-02-29 18:16:13.0338  DEBUG (Program.cs:15) -process100
2020-02-29 18:16:38.0136  DEBUG (Program.cs:15) --process100
2020-02-29 18:16:38.1053  DEBUG (Program.cs:22) Process:100
2020-02-29 18:17:50.6124  DEBUG (Program.cs:15) --process100
2020-02-29 18:17:50.7018  DEBUG (Program.cs:22) Process:100
2020-02-29 18:18:18.5647  DEBUG (Program.cs:18) Process:100
2020-02-29 18:20:20.9057  DEBUG (Program.cs:18) Process:100
2020-02-29 18:20:38.2625  DEBUG (Program.cs:18) Server:100
