2020-03-01 20:47:48.1504  FATAL (Program.cs:20) System.NullReferenceException: Object reference not set to an instance of an object.
   at Sining.Program.Main(String[] args) in /Users/sining/Code/Sining/Server/App/Program.cs:line 20
2020-03-01 20:48:34.2445  FATAL (Program.cs:20) System.NullReferenceException: Object reference not set to an instance of an object.
   at Sining.Program.Main(String[] args) in /Users/sining/Code/Sining/Server/App/Program.cs:line 20
2020-03-01 20:48:53.8838  FATAL (Program.cs:20) System.NullReferenceException: Object reference not set to an instance of an object.
   at Sining.Program.Main(String[] args) in /Users/sining/Code/Sining/Server/App/Program.cs:line 20
2020-03-01 20:49:17.0859  FATAL (Program.cs:20) System.NullReferenceException: Object reference not set to an instance of an object.
   at Sining.Program.Main(String[] args) in /Users/sining/Code/Sining/Server/App/Program.cs:line 20
2020-03-01 20:52:06.2617  FATAL (Program.cs:22) System.NullReferenceException: Object reference not set to an instance of an object.
   at Sining.Program.Main(String[] args) in /Users/sining/Code/Sining/Server/App/Program.cs:line 22
2020-03-01 21:12:10.4434  FATAL (Program.cs:22) System.Exception: SceneConfig ConfigAttribute not found
   at Sining.Config.AConfig`1.BeginInit() in /Users/sining/Code/Sining/Server/Model/Base/Config/AConfig.cs:line 24
   at Sining.Program.Main(String[] args) in /Users/sining/Code/Sining/Server/App/Program.cs:line 22
2020-03-01 21:13:29.5953  FATAL (Program.cs:22) System.Exception: SceneConfig.byte not found
   at Sining.Config.AConfig`1.BeginInit() in /Users/sining/Code/Sining/Server/Model/Base/Config/AConfig.cs:line 24
   at Sining.Program.Main(String[] args) in /Users/sining/Code/Sining/Server/App/Program.cs:line 22
2020-03-01 21:13:58.2128  FATAL (Program.cs:22) System.FormatException: An error occurred while deserializing the Dic field of class Sining.Config.BinaryFileClass: Unknown discriminator value 'SceneConfig'.
 ---> MongoDB.Bson.BsonSerializationException: Unknown discriminator value 'SceneConfig'.
   at MongoDB.Bson.Serialization.BsonSerializer.LookupActualType(Type nominalType, BsonValue discriminator) in /Users/sining/Code/Sining/Server/ThirdPartyPlugin/MongoDB/MongoDB.Bson/Serialization/BsonSerializer.cs:line 334
   at MongoDB.Bson.Serialization.Conventions.ObjectDiscriminatorConvention.GetActualType(IBsonReader bsonReader, Type nominalType) in /Users/sining/Code/Sining/Server/ThirdPartyPlugin/MongoDB/MongoDB.Bson/Serialization/Conventions/ObjectDiscriminatorConvention.cs:line 127
   at MongoDB.Bson.Serialization.Serializers.DiscriminatedInterfaceSerializer`1.Deserialize(BsonDeserializationContext context, BsonDeserializationArgs args) in /Users/sining/Code/Sining/Server/ThirdPartyPlugin/MongoDB/MongoDB.Bson/Serialization/Serializers/DiscriminatedInterfaceSerializer.cs:line 81
   at MongoDB.Bson.Serialization.IBsonSerializerExtensions.Deserialize[TValue](IBsonSerializer`1 serializer, BsonDeserializationContext context) in /Users/sining/Code/Sining/Server/ThirdPartyPlugin/MongoDB/MongoDB.Bson/Serialization/IBsonSerializerExtensions.cs:line 49
   at MongoDB.Bson.Serialization.Serializers.DictionarySerializerBase`3.DeserializeArrayRepresentation(BsonDeserializationContext context) in /Users/sining/Code/Sining/Server/ThirdPartyPlugin/MongoDB/MongoDB.Bson/Serialization/Serializers/DictionarySerializerBase.cs:line 611
   at MongoDB.Bson.Serialization.Serializers.DictionarySerializerBase`3.DeserializeValue(BsonDeserializationContext context, BsonDeserializationArgs args) in /Users/sining/Code/Sining/Server/ThirdPartyPlugin/MongoDB/MongoDB.Bson/Serialization/Serializers/DictionarySerializerBase.cs:line 519
   at MongoDB.Bson.Serialization.Serializers.ClassSerializerBase`1.Deserialize(BsonDeserializationContext context, BsonDeserializationArgs args) in /Users/sining/Code/Sining/Server/ThirdPartyPlugin/MongoDB/MongoDB.Bson/Serialization/Serializers/ClassSerializerBase.cs:line 46
   at MongoDB.Bson.Serialization.Serializers.SerializerBase`1.MongoDB.Bson.Serialization.IBsonSerializer.Deserialize(BsonDeserializationContext context, BsonDeserializationArgs args) in /Users/sining/Code/Sining/Server/ThirdPartyPlugin/MongoDB/MongoDB.Bson/Serialization/Serializers/SerializerBase.cs:line 119
   at MongoDB.Bson.Serialization.IBsonSerializerExtensions.Deserialize(IBsonSerializer serializer, BsonDeserializationContext context) in /Users/sining/Code/Sining/Server/ThirdPartyPlugin/MongoDB/MongoDB.Bson/Serialization/IBsonSerializerExtensions.cs:line 36
   at MongoDB.Bson.Serialization.BsonClassMapSerializer`1.DeserializeMemberValue(BsonDeserializationContext context, BsonMemberMap memberMap) in /Users/sining/Code/Sining/Server/ThirdPartyPlugin/MongoDB/MongoDB.Bson/Serialization/Serializers/BsonClassMapSerializer.cs:line 604
   --- End of inner exception stack trace ---
   at MongoDB.Bson.Serialization.BsonClassMapSerializer`1.DeserializeMemberValue(BsonDeserializationContext context, BsonMemberMap memberMap) in /Users/sining/Code/Sining/Server/ThirdPartyPlugin/MongoDB/MongoDB.Bson/Serialization/Serializers/BsonClassMapSerializer.cs:line 611
   at MongoDB.Bson.Serialization.BsonClassMapSerializer`1.DeserializeClass(BsonDeserializationContext context) in /Users/sining/Code/Sining/Server/ThirdPartyPlugin/MongoDB/MongoDB.Bson/Serialization/Serializers/BsonClassMapSerializer.cs:line 214
   at MongoDB.Bson.Serialization.BsonClassMapSerializer`1.Deserialize(BsonDeserializationContext context, BsonDeserializationArgs args) in /Users/sining/Code/Sining/Server/ThirdPartyPlugin/MongoDB/MongoDB.Bson/Serialization/Serializers/BsonClassMapSerializer.cs:line 129
   at MongoDB.Bson.Serialization.IBsonSerializerExtensions.Deserialize[TValue](IBsonSerializer`1 serializer, BsonDeserializationContext context) in /Users/sining/Code/Sining/Server/ThirdPartyPlugin/MongoDB/MongoDB.Bson/Serialization/IBsonSerializerExtensions.cs:line 49
   at MongoDB.Bson.Serialization.BsonSerializer.Deserialize[TNominalType](IBsonReader bsonReader, Action`1 configurator) in /Users/sining/Code/Sining/Server/ThirdPartyPlugin/MongoDB/MongoDB.Bson/Serialization/BsonSerializer.cs:line 117
   at MongoDB.Bson.Serialization.BsonSerializer.Deserialize[TNominalType](Stream stream, Action`1 configurator) in /Users/sining/Code/Sining/Server/ThirdPartyPlugin/MongoDB/MongoDB.Bson/Serialization/BsonSerializer.cs:line 147
   at Sining.Tools.SerializationHelper.Deserialize[T](Stream stream) in /Users/sining/Code/Sining/Server/Core/Base/Tools/SerializationHelper.cs:line 56
   at Sining.Config.AConfig`1.BeginInit() in /Users/sining/Code/Sining/Server/Model/Base/Config/AConfig.cs:line 26
   at Sining.Program.Main(String[] args) in /Users/sining/Code/Sining/Server/App/Program.cs:line 22
2020-03-01 21:19:01.7149  FATAL (Program.cs:22) System.FormatException: An error occurred while deserializing the Dic field of class Sining.Config.BinaryFileClass: Unknown discriminator value 'SceneConfig'.
 ---> MongoDB.Bson.BsonSerializationException: Unknown discriminator value 'SceneConfig'.
   at MongoDB.Bson.Serialization.BsonSerializer.LookupActualType(Type nominalType, BsonValue discriminator) in /Users/sining/Code/Sining/Server/ThirdPartyPlugin/MongoDB/MongoDB.Bson/Serialization/BsonSerializer.cs:line 334
   at MongoDB.Bson.Serialization.Conventions.ObjectDiscriminatorConvention.GetActualType(IBsonReader bsonReader, Type nominalType) in /Users/sining/Code/Sining/Server/ThirdPartyPlugin/MongoDB/MongoDB.Bson/Serialization/Conventions/ObjectDiscriminatorConvention.cs:line 127
   at MongoDB.Bson.Serialization.Serializers.DiscriminatedInterfaceSerializer`1.Deserialize(BsonDeserializationContext context, BsonDeserializationArgs args) in /Users/sining/Code/Sining/Server/ThirdPartyPlugin/MongoDB/MongoDB.Bson/Serialization/Serializers/DiscriminatedInterfaceSerializer.cs:line 81
   at MongoDB.Bson.Serialization.IBsonSerializerExtensions.Deserialize[TValue](IBsonSerializer`1 serializer, BsonDeserializationContext context) in /Users/sining/Code/Sining/Server/ThirdPartyPlugin/MongoDB/MongoDB.Bson/Serialization/IBsonSerializerExtensions.cs:line 49
   at MongoDB.Bson.Serialization.Serializers.DictionarySerializerBase`3.DeserializeArrayRepresentation(BsonDeserializationContext context) in /Users/sining/Code/Sining/Server/ThirdPartyPlugin/MongoDB/MongoDB.Bson/Serialization/Serializers/DictionarySerializerBase.cs:line 611
   at MongoDB.Bson.Serialization.Serializers.DictionarySerializerBase`3.DeserializeValue(BsonDeserializationContext context, BsonDeserializationArgs args) in /Users/sining/Code/Sining/Server/ThirdPartyPlugin/MongoDB/MongoDB.Bson/Serialization/Serializers/DictionarySerializerBase.cs:line 519
   at MongoDB.Bson.Serialization.Serializers.ClassSerializerBase`1.Deserialize(BsonDeserializationContext context, BsonDeserializationArgs args) in /Users/sining/Code/Sining/Server/ThirdPartyPlugin/MongoDB/MongoDB.Bson/Serialization/Serializers/ClassSerializerBase.cs:line 46
   at MongoDB.Bson.Serialization.Serializers.SerializerBase`1.MongoDB.Bson.Serialization.IBsonSerializer.Deserialize(BsonDeserializationContext context, BsonDeserializationArgs args) in /Users/sining/Code/Sining/Server/ThirdPartyPlugin/MongoDB/MongoDB.Bson/Serialization/Serializers/SerializerBase.cs:line 119
   at MongoDB.Bson.Serialization.IBsonSerializerExtensions.Deserialize(IBsonSerializer serializer, BsonDeserializationContext context) in /Users/sining/Code/Sining/Server/ThirdPartyPlugin/MongoDB/MongoDB.Bson/Serialization/IBsonSerializerExtensions.cs:line 36
   at MongoDB.Bson.Serialization.BsonClassMapSerializer`1.DeserializeMemberValue(BsonDeserializationContext context, BsonMemberMap memberMap) in /Users/sining/Code/Sining/Server/ThirdPartyPlugin/MongoDB/MongoDB.Bson/Serialization/Serializers/BsonClassMapSerializer.cs:line 604
   --- End of inner exception stack trace ---
   at MongoDB.Bson.Serialization.BsonClassMapSerializer`1.DeserializeMemberValue(BsonDeserializationContext context, BsonMemberMap memberMap) in /Users/sining/Code/Sining/Server/ThirdPartyPlugin/MongoDB/MongoDB.Bson/Serialization/Serializers/BsonClassMapSerializer.cs:line 611
   at MongoDB.Bson.Serialization.BsonClassMapSerializer`1.DeserializeClass(BsonDeserializationContext context) in /Users/sining/Code/Sining/Server/ThirdPartyPlugin/MongoDB/MongoDB.Bson/Serialization/Serializers/BsonClassMapSerializer.cs:line 214
   at MongoDB.Bson.Serialization.BsonClassMapSerializer`1.Deserialize(BsonDeserializationContext context, BsonDeserializationArgs args) in /Users/sining/Code/Sining/Server/ThirdPartyPlugin/MongoDB/MongoDB.Bson/Serialization/Serializers/BsonClassMapSerializer.cs:line 129
   at MongoDB.Bson.Serialization.IBsonSerializerExtensions.Deserialize[TValue](IBsonSerializer`1 serializer, BsonDeserializationContext context) in /Users/sining/Code/Sining/Server/ThirdPartyPlugin/MongoDB/MongoDB.Bson/Serialization/IBsonSerializerExtensions.cs:line 49
   at MongoDB.Bson.Serialization.BsonSerializer.Deserialize[TNominalType](IBsonReader bsonReader, Action`1 configurator) in /Users/sining/Code/Sining/Server/ThirdPartyPlugin/MongoDB/MongoDB.Bson/Serialization/BsonSerializer.cs:line 117
   at MongoDB.Bson.Serialization.BsonSerializer.Deserialize[TNominalType](Stream stream, Action`1 configurator) in /Users/sining/Code/Sining/Server/ThirdPartyPlugin/MongoDB/MongoDB.Bson/Serialization/BsonSerializer.cs:line 147
   at Sining.Tools.SerializationHelper.Deserialize[T](Stream stream) in /Users/sining/Code/Sining/Server/Core/Base/Tools/SerializationHelper.cs:line 56
   at Sining.Config.AConfig`1.BeginInit() in /Users/sining/Code/Sining/Server/Model/Base/Config/AConfig.cs:line 26
   at Sining.Program.Main(String[] args) in /Users/sining/Code/Sining/Server/App/Program.cs:line 22
2020-03-01 21:19:49.8726  FATAL (Program.cs:22) System.ArgumentNullException: Class Sining.Config.IConfig cannot be assigned to Class Sining.Config.BinaryFileClass.  Ensure that known types are derived from the mapped class. (Parameter 'type')
   at MongoDB.Bson.Serialization.BsonClassMap.AddKnownType(Type type) in /Users/sining/Code/Sining/Server/ThirdPartyPlugin/MongoDB/MongoDB.Bson/Serialization/BsonClassMap.cs:line 1053
   at MongoDB.Bson.Serialization.Attributes.BsonKnownTypesAttribute.Apply(BsonClassMap classMap) in /Users/sining/Code/Sining/Server/ThirdPartyPlugin/MongoDB/MongoDB.Bson/Serialization/Attributes/BsonKnownTypesAttribute.cs:line 66
   at MongoDB.Bson.Serialization.Conventions.AttributeConventionPack.AttributeConvention.Apply(BsonClassMap classMap) in /Users/sining/Code/Sining/Server/ThirdPartyPlugin/MongoDB/MongoDB.Bson/Serialization/Conventions/AttributeConventionPack.cs:line 70
   at MongoDB.Bson.Serialization.Conventions.ConventionRunner.Apply(BsonClassMap classMap) in /Users/sining/Code/Sining/Server/ThirdPartyPlugin/MongoDB/MongoDB.Bson/Serialization/Conventions/ConventionRunner.cs:line 54
   at MongoDB.Bson.Serialization.BsonClassMap.AutoMapClass() in /Users/sining/Code/Sining/Server/ThirdPartyPlugin/MongoDB/MongoDB.Bson/Serialization/BsonClassMap.cs:line 1234
   at MongoDB.Bson.Serialization.BsonClassMap.AutoMap() in /Users/sining/Code/Sining/Server/ThirdPartyPlugin/MongoDB/MongoDB.Bson/Serialization/BsonClassMap.cs:line 475
   at MongoDB.Bson.Serialization.BsonClassMap.LookupClassMap(Type classType) in /Users/sining/Code/Sining/Server/ThirdPartyPlugin/MongoDB/MongoDB.Bson/Serialization/BsonClassMap.cs:line 361
   at MongoDB.Bson.Serialization.BsonClassMapSerializationProvider.GetSerializer(Type type, IBsonSerializerRegistry serializerRegistry) in /Users/sining/Code/Sining/Server/ThirdPartyPlugin/MongoDB/MongoDB.Bson/Serialization/BsonClassMapSerializationProvider.cs:line 44
   at MongoDB.Bson.Serialization.BsonSerializerRegistry.CreateSerializer(Type type) in /Users/sining/Code/Sining/Server/ThirdPartyPlugin/MongoDB/MongoDB.Bson/Serialization/BsonSerializerRegistry.cs:line 136
   at System.Collections.Concurrent.ConcurrentDictionary`2.GetOrAdd(TKey key, Func`2 valueFactory)
   at MongoDB.Bson.Serialization.BsonSerializerRegistry.GetSerializer(Type type) in /Users/sining/Code/Sining/Server/ThirdPartyPlugin/MongoDB/MongoDB.Bson/Serialization/BsonSerializerRegistry.cs:line 62
   at MongoDB.Bson.Serialization.BsonSerializer.LookupSerializer(Type type) in /Users/sining/Code/Sining/Server/ThirdPartyPlugin/MongoDB/MongoDB.Bson/Serialization/BsonSerializer.cs:line 504
   at MongoDB.Bson.Serialization.BsonSerializer.LookupSerializer[T]() in /Users/sining/Code/Sining/Server/ThirdPartyPlugin/MongoDB/MongoDB.Bson/Serialization/BsonSerializer.cs:line 494
   at MongoDB.Bson.Serialization.BsonSerializer.Deserialize[TNominalType](IBsonReader bsonReader, Action`1 configurator) in /Users/sining/Code/Sining/Server/ThirdPartyPlugin/MongoDB/MongoDB.Bson/Serialization/BsonSerializer.cs:line 115
   at MongoDB.Bson.Serialization.BsonSerializer.Deserialize[TNominalType](Stream stream, Action`1 configurator) in /Users/sining/Code/Sining/Server/ThirdPartyPlugin/MongoDB/MongoDB.Bson/Serialization/BsonSerializer.cs:line 147
   at Sining.Tools.SerializationHelper.Deserialize[T](Stream stream) in /Users/sining/Code/Sining/Server/Core/Base/Tools/SerializationHelper.cs:line 56
   at Sining.Config.AConfig`1.BeginInit() in /Users/sining/Code/Sining/Server/Model/Base/Config/AConfig.cs:line 26
   at Sining.Program.Main(String[] args) in /Users/sining/Code/Sining/Server/App/Program.cs:line 22
2020-03-01 21:21:03.7869  FATAL (Program.cs:22) System.FormatException: An error occurred while deserializing the Dic field of class Sining.Config.BinaryFileClass: Unknown discriminator value 'SceneConfig'.
 ---> MongoDB.Bson.BsonSerializationException: Unknown discriminator value 'SceneConfig'.
   at MongoDB.Bson.Serialization.BsonSerializer.LookupActualType(Type nominalType, BsonValue discriminator) in /Users/sining/Code/Sining/Server/ThirdPartyPlugin/MongoDB/MongoDB.Bson/Serialization/BsonSerializer.cs:line 334
   at MongoDB.Bson.Serialization.Conventions.ObjectDiscriminatorConvention.GetActualType(IBsonReader bsonReader, Type nominalType) in /Users/sining/Code/Sining/Server/ThirdPartyPlugin/MongoDB/MongoDB.Bson/Serialization/Conventions/ObjectDiscriminatorConvention.cs:line 127
   at MongoDB.Bson.Serialization.Serializers.DiscriminatedInterfaceSerializer`1.Deserialize(BsonDeserializationContext context, BsonDeserializationArgs args) in /Users/sining/Code/Sining/Server/ThirdPartyPlugin/MongoDB/MongoDB.Bson/Serialization/Serializers/DiscriminatedInterfaceSerializer.cs:line 81
   at MongoDB.Bson.Serialization.IBsonSerializerExtensions.Deserialize[TValue](IBsonSerializer`1 serializer, BsonDeserializationContext context) in /Users/sining/Code/Sining/Server/ThirdPartyPlugin/MongoDB/MongoDB.Bson/Serialization/IBsonSerializerExtensions.cs:line 49
   at MongoDB.Bson.Serialization.Serializers.DictionarySerializerBase`3.DeserializeArrayRepresentation(BsonDeserializationContext context) in /Users/sining/Code/Sining/Server/ThirdPartyPlugin/MongoDB/MongoDB.Bson/Serialization/Serializers/DictionarySerializerBase.cs:line 611
   at MongoDB.Bson.Serialization.Serializers.DictionarySerializerBase`3.DeserializeValue(BsonDeserializationContext context, BsonDeserializationArgs args) in /Users/sining/Code/Sining/Server/ThirdPartyPlugin/MongoDB/MongoDB.Bson/Serialization/Serializers/DictionarySerializerBase.cs:line 519
   at MongoDB.Bson.Serialization.Serializers.ClassSerializerBase`1.Deserialize(BsonDeserializationContext context, BsonDeserializationArgs args) in /Users/sining/Code/Sining/Server/ThirdPartyPlugin/MongoDB/MongoDB.Bson/Serialization/Serializers/ClassSerializerBase.cs:line 46
   at MongoDB.Bson.Serialization.Serializers.SerializerBase`1.MongoDB.Bson.Serialization.IBsonSerializer.Deserialize(BsonDeserializationContext context, BsonDeserializationArgs args) in /Users/sining/Code/Sining/Server/ThirdPartyPlugin/MongoDB/MongoDB.Bson/Serialization/Serializers/SerializerBase.cs:line 119
   at MongoDB.Bson.Serialization.IBsonSerializerExtensions.Deserialize(IBsonSerializer serializer, BsonDeserializationContext context) in /Users/sining/Code/Sining/Server/ThirdPartyPlugin/MongoDB/MongoDB.Bson/Serialization/IBsonSerializerExtensions.cs:line 36
   at MongoDB.Bson.Serialization.BsonClassMapSerializer`1.DeserializeMemberValue(BsonDeserializationContext context, BsonMemberMap memberMap) in /Users/sining/Code/Sining/Server/ThirdPartyPlugin/MongoDB/MongoDB.Bson/Serialization/Serializers/BsonClassMapSerializer.cs:line 604
   --- End of inner exception stack trace ---
   at MongoDB.Bson.Serialization.BsonClassMapSerializer`1.DeserializeMemberValue(BsonDeserializationContext context, BsonMemberMap memberMap) in /Users/sining/Code/Sining/Server/ThirdPartyPlugin/MongoDB/MongoDB.Bson/Serialization/Serializers/BsonClassMapSerializer.cs:line 611
   at MongoDB.Bson.Serialization.BsonClassMapSerializer`1.DeserializeClass(BsonDeserializationContext context) in /Users/sining/Code/Sining/Server/ThirdPartyPlugin/MongoDB/MongoDB.Bson/Serialization/Serializers/BsonClassMapSerializer.cs:line 214
   at MongoDB.Bson.Serialization.BsonClassMapSerializer`1.Deserialize(BsonDeserializationContext context, BsonDeserializationArgs args) in /Users/sining/Code/Sining/Server/ThirdPartyPlugin/MongoDB/MongoDB.Bson/Serialization/Serializers/BsonClassMapSerializer.cs:line 129
   at MongoDB.Bson.Serialization.IBsonSerializerExtensions.Deserialize[TValue](IBsonSerializer`1 serializer, BsonDeserializationContext context) in /Users/sining/Code/Sining/Server/ThirdPartyPlugin/MongoDB/MongoDB.Bson/Serialization/IBsonSerializerExtensions.cs:line 49
   at MongoDB.Bson.Serialization.BsonSerializer.Deserialize[TNominalType](IBsonReader bsonReader, Action`1 configurator) in /Users/sining/Code/Sining/Server/ThirdPartyPlugin/MongoDB/MongoDB.Bson/Serialization/BsonSerializer.cs:line 117
   at MongoDB.Bson.Serialization.BsonSerializer.Deserialize[TNominalType](Stream stream, Action`1 configurator) in /Users/sining/Code/Sining/Server/ThirdPartyPlugin/MongoDB/MongoDB.Bson/Serialization/BsonSerializer.cs:line 147
   at Sining.Tools.SerializationHelper.Deserialize[T](Stream stream) in /Users/sining/Code/Sining/Server/Core/Base/Tools/SerializationHelper.cs:line 56
   at Sining.Config.AConfig`1.BeginInit() in /Users/sining/Code/Sining/Server/Model/Base/Config/AConfig.cs:line 26
   at Sining.Program.Main(String[] args) in /Users/sining/Code/Sining/Server/App/Program.cs:line 22
2020-03-01 21:30:39.4275  FATAL (Program.cs:22) System.FormatException: An error occurred while deserializing the Dic field of class Sining.Config.BinaryFileClass: Unknown discriminator value 'SceneConfig'.
 ---> MongoDB.Bson.BsonSerializationException: Unknown discriminator value 'SceneConfig'.
   at MongoDB.Bson.Serialization.BsonSerializer.LookupActualType(Type nominalType, BsonValue discriminator) in /Users/sining/Code/Sining/Server/ThirdPartyPlugin/MongoDB/MongoDB.Bson/Serialization/BsonSerializer.cs:line 334
   at MongoDB.Bson.Serialization.Conventions.ObjectDiscriminatorConvention.GetActualType(IBsonReader bsonReader, Type nominalType) in /Users/sining/Code/Sining/Server/ThirdPartyPlugin/MongoDB/MongoDB.Bson/Serialization/Conventions/ObjectDiscriminatorConvention.cs:line 127
   at MongoDB.Bson.Serialization.Serializers.ObjectSerializer.DeserializeDiscriminatedValue(BsonDeserializationContext context, BsonDeserializationArgs args) in /Users/sining/Code/Sining/Server/ThirdPartyPlugin/MongoDB/MongoDB.Bson/Serialization/Serializers/ObjectSerializer.cs:line 272
   at MongoDB.Bson.Serialization.Serializers.ObjectSerializer.Deserialize(BsonDeserializationContext context, BsonDeserializationArgs args) in /Users/sining/Code/Sining/Server/ThirdPartyPlugin/MongoDB/MongoDB.Bson/Serialization/Serializers/ObjectSerializer.cs:line 141
   at MongoDB.Bson.Serialization.IBsonSerializerExtensions.Deserialize[TValue](IBsonSerializer`1 serializer, BsonDeserializationContext context) in /Users/sining/Code/Sining/Server/ThirdPartyPlugin/MongoDB/MongoDB.Bson/Serialization/IBsonSerializerExtensions.cs:line 49
   at MongoDB.Bson.Serialization.Serializers.DictionarySerializerBase`3.DeserializeArrayRepresentation(BsonDeserializationContext context) in /Users/sining/Code/Sining/Server/ThirdPartyPlugin/MongoDB/MongoDB.Bson/Serialization/Serializers/DictionarySerializerBase.cs:line 611
   at MongoDB.Bson.Serialization.Serializers.DictionarySerializerBase`3.DeserializeValue(BsonDeserializationContext context, BsonDeserializationArgs args) in /Users/sining/Code/Sining/Server/ThirdPartyPlugin/MongoDB/MongoDB.Bson/Serialization/Serializers/DictionarySerializerBase.cs:line 519
   at MongoDB.Bson.Serialization.Serializers.ClassSerializerBase`1.Deserialize(BsonDeserializationContext context, BsonDeserializationArgs args) in /Users/sining/Code/Sining/Server/ThirdPartyPlugin/MongoDB/MongoDB.Bson/Serialization/Serializers/ClassSerializerBase.cs:line 46
   at MongoDB.Bson.Serialization.Serializers.SerializerBase`1.MongoDB.Bson.Serialization.IBsonSerializer.Deserialize(BsonDeserializationContext context, BsonDeserializationArgs args) in /Users/sining/Code/Sining/Server/ThirdPartyPlugin/MongoDB/MongoDB.Bson/Serialization/Serializers/SerializerBase.cs:line 119
   at MongoDB.Bson.Serialization.IBsonSerializerExtensions.Deserialize(IBsonSerializer serializer, BsonDeserializationContext context) in /Users/sining/Code/Sining/Server/ThirdPartyPlugin/MongoDB/MongoDB.Bson/Serialization/IBsonSerializerExtensions.cs:line 36
   at MongoDB.Bson.Serialization.BsonClassMapSerializer`1.DeserializeMemberValue(BsonDeserializationContext context, BsonMemberMap memberMap) in /Users/sining/Code/Sining/Server/ThirdPartyPlugin/MongoDB/MongoDB.Bson/Serialization/Serializers/BsonClassMapSerializer.cs:line 604
   --- End of inner exception stack trace ---
   at MongoDB.Bson.Serialization.BsonClassMapSerializer`1.DeserializeMemberValue(BsonDeserializationContext context, BsonMemberMap memberMap) in /Users/sining/Code/Sining/Server/ThirdPartyPlugin/MongoDB/MongoDB.Bson/Serialization/Serializers/BsonClassMapSerializer.cs:line 611
   at MongoDB.Bson.Serialization.BsonClassMapSerializer`1.DeserializeClass(BsonDeserializationContext context) in /Users/sining/Code/Sining/Server/ThirdPartyPlugin/MongoDB/MongoDB.Bson/Serialization/Serializers/BsonClassMapSerializer.cs:line 214
   at MongoDB.Bson.Serialization.BsonClassMapSerializer`1.Deserialize(BsonDeserializationContext context, BsonDeserializationArgs args) in /Users/sining/Code/Sining/Server/ThirdPartyPlugin/MongoDB/MongoDB.Bson/Serialization/Serializers/BsonClassMapSerializer.cs:line 129
   at MongoDB.Bson.Serialization.IBsonSerializerExtensions.Deserialize[TValue](IBsonSerializer`1 serializer, BsonDeserializationContext context) in /Users/sining/Code/Sining/Server/ThirdPartyPlugin/MongoDB/MongoDB.Bson/Serialization/IBsonSerializerExtensions.cs:line 49
   at MongoDB.Bson.Serialization.BsonSerializer.Deserialize[TNominalType](IBsonReader bsonReader, Action`1 configurator) in /Users/sining/Code/Sining/Server/ThirdPartyPlugin/MongoDB/MongoDB.Bson/Serialization/BsonSerializer.cs:line 117
   at MongoDB.Bson.Serialization.BsonSerializer.Deserialize[TNominalType](Stream stream, Action`1 configurator) in /Users/sining/Code/Sining/Server/ThirdPartyPlugin/MongoDB/MongoDB.Bson/Serialization/BsonSerializer.cs:line 147
   at Sining.Tools.SerializationHelper.Deserialize[T](Stream stream) in /Users/sining/Code/Sining/Server/Core/Base/Tools/SerializationHelper.cs:line 56
   at Sining.Config.AConfig`1.BeginInit() in /Users/sining/Code/Sining/Server/Model/Base/Config/AConfig.cs:line 26
   at Sining.Program.Main(String[] args) in /Users/sining/Code/Sining/Server/App/Program.cs:line 22
2020-03-01 21:34:45.5751  FATAL (Program.cs:22) System.FormatException: An error occurred while deserializing the HashSet field of class Sining.Config.BinaryFileClass: Unknown discriminator value 'SceneConfig'.
 ---> MongoDB.Bson.BsonSerializationException: Unknown discriminator value 'SceneConfig'.
   at MongoDB.Bson.Serialization.BsonSerializer.LookupActualType(Type nominalType, BsonValue discriminator) in /Users/sining/Code/Sining/Server/ThirdPartyPlugin/MongoDB/MongoDB.Bson/Serialization/BsonSerializer.cs:line 334
   at MongoDB.Bson.Serialization.Conventions.ObjectDiscriminatorConvention.GetActualType(IBsonReader bsonReader, Type nominalType) in /Users/sining/Code/Sining/Server/ThirdPartyPlugin/MongoDB/MongoDB.Bson/Serialization/Conventions/ObjectDiscriminatorConvention.cs:line 127
   at MongoDB.Bson.Serialization.Serializers.ObjectSerializer.DeserializeDiscriminatedValue(BsonDeserializationContext context, BsonDeserializationArgs args) in /Users/sining/Code/Sining/Server/ThirdPartyPlugin/MongoDB/MongoDB.Bson/Serialization/Serializers/ObjectSerializer.cs:line 272
   at MongoDB.Bson.Serialization.Serializers.ObjectSerializer.Deserialize(BsonDeserializationContext context, BsonDeserializationArgs args) in /Users/sining/Code/Sining/Server/ThirdPartyPlugin/MongoDB/MongoDB.Bson/Serialization/Serializers/ObjectSerializer.cs:line 141
   at MongoDB.Bson.Serialization.IBsonSerializerExtensions.Deserialize[TValue](IBsonSerializer`1 serializer, BsonDeserializationContext context) in /Users/sining/Code/Sining/Server/ThirdPartyPlugin/MongoDB/MongoDB.Bson/Serialization/IBsonSerializerExtensions.cs:line 49
   at MongoDB.Bson.Serialization.Serializers.EnumerableSerializerBase`2.Deserialize(BsonDeserializationContext context, BsonDeserializationArgs args) in /Users/sining/Code/Sining/Server/ThirdPartyPlugin/MongoDB/MongoDB.Bson/Serialization/Serializers/EnumerableSerializerBase.cs:line 286
   at MongoDB.Bson.Serialization.Serializers.SerializerBase`1.MongoDB.Bson.Serialization.IBsonSerializer.Deserialize(BsonDeserializationContext context, BsonDeserializationArgs args) in /Users/sining/Code/Sining/Server/ThirdPartyPlugin/MongoDB/MongoDB.Bson/Serialization/Serializers/SerializerBase.cs:line 119
   at MongoDB.Bson.Serialization.IBsonSerializerExtensions.Deserialize(IBsonSerializer serializer, BsonDeserializationContext context) in /Users/sining/Code/Sining/Server/ThirdPartyPlugin/MongoDB/MongoDB.Bson/Serialization/IBsonSerializerExtensions.cs:line 36
   at MongoDB.Bson.Serialization.BsonClassMapSerializer`1.DeserializeMemberValue(BsonDeserializationContext context, BsonMemberMap memberMap) in /Users/sining/Code/Sining/Server/ThirdPartyPlugin/MongoDB/MongoDB.Bson/Serialization/Serializers/BsonClassMapSerializer.cs:line 604
   --- End of inner exception stack trace ---
   at MongoDB.Bson.Serialization.BsonClassMapSerializer`1.DeserializeMemberValue(BsonDeserializationContext context, BsonMemberMap memberMap) in /Users/sining/Code/Sining/Server/ThirdPartyPlugin/MongoDB/MongoDB.Bson/Serialization/Serializers/BsonClassMapSerializer.cs:line 611
   at MongoDB.Bson.Serialization.BsonClassMapSerializer`1.DeserializeClass(BsonDeserializationContext context) in /Users/sining/Code/Sining/Server/ThirdPartyPlugin/MongoDB/MongoDB.Bson/Serialization/Serializers/BsonClassMapSerializer.cs:line 214
   at MongoDB.Bson.Serialization.BsonClassMapSerializer`1.Deserialize(BsonDeserializationContext context, BsonDeserializationArgs args) in /Users/sining/Code/Sining/Server/ThirdPartyPlugin/MongoDB/MongoDB.Bson/Serialization/Serializers/BsonClassMapSerializer.cs:line 129
   at MongoDB.Bson.Serialization.IBsonSerializerExtensions.Deserialize[TValue](IBsonSerializer`1 serializer, BsonDeserializationContext context) in /Users/sining/Code/Sining/Server/ThirdPartyPlugin/MongoDB/MongoDB.Bson/Serialization/IBsonSerializerExtensions.cs:line 49
   at MongoDB.Bson.Serialization.BsonSerializer.Deserialize[TNominalType](IBsonReader bsonReader, Action`1 configurator) in /Users/sining/Code/Sining/Server/ThirdPartyPlugin/MongoDB/MongoDB.Bson/Serialization/BsonSerializer.cs:line 117
   at MongoDB.Bson.Serialization.BsonSerializer.Deserialize[TNominalType](Stream stream, Action`1 configurator) in /Users/sining/Code/Sining/Server/ThirdPartyPlugin/MongoDB/MongoDB.Bson/Serialization/BsonSerializer.cs:line 147
   at Sining.Tools.SerializationHelper.Deserialize[T](Stream stream) in /Users/sining/Code/Sining/Server/Core/Base/Tools/SerializationHelper.cs:line 56
   at Sining.Config.AConfig`1.BeginInit() in /Users/sining/Code/Sining/Server/Model/Base/Config/AConfig.cs:line 26
   at Sining.Program.Main(String[] args) in /Users/sining/Code/Sining/Server/App/Program.cs:line 22
2020-03-01 21:37:31.3102  FATAL (Program.cs:22) System.FormatException: An error occurred while deserializing the HashSet field of class Sining.Config.BinaryFileClass: Unknown discriminator value 'SceneConfig'.
 ---> MongoDB.Bson.BsonSerializationException: Unknown discriminator value 'SceneConfig'.
   at MongoDB.Bson.Serialization.BsonSerializer.LookupActualType(Type nominalType, BsonValue discriminator) in /Users/sining/Code/Sining/Server/ThirdPartyPlugin/MongoDB/MongoDB.Bson/Serialization/BsonSerializer.cs:line 334
   at MongoDB.Bson.Serialization.Conventions.ObjectDiscriminatorConvention.GetActualType(IBsonReader bsonReader, Type nominalType) in /Users/sining/Code/Sining/Server/ThirdPartyPlugin/MongoDB/MongoDB.Bson/Serialization/Conventions/ObjectDiscriminatorConvention.cs:line 127
   at MongoDB.Bson.Serialization.Serializers.ObjectSerializer.DeserializeDiscriminatedValue(BsonDeserializationContext context, BsonDeserializationArgs args) in /Users/sining/Code/Sining/Server/ThirdPartyPlugin/MongoDB/MongoDB.Bson/Serialization/Serializers/ObjectSerializer.cs:line 272
   at MongoDB.Bson.Serialization.Serializers.ObjectSerializer.Deserialize(BsonDeserializationContext context, BsonDeserializationArgs args) in /Users/sining/Code/Sining/Server/ThirdPartyPlugin/MongoDB/MongoDB.Bson/Serialization/Serializers/ObjectSerializer.cs:line 141
   at MongoDB.Bson.Serialization.IBsonSerializerExtensions.Deserialize[TValue](IBsonSerializer`1 serializer, BsonDeserializationContext context) in /Users/sining/Code/Sining/Server/ThirdPartyPlugin/MongoDB/MongoDB.Bson/Serialization/IBsonSerializerExtensions.cs:line 49
   at MongoDB.Bson.Serialization.Serializers.EnumerableSerializerBase`2.Deserialize(BsonDeserializationContext context, BsonDeserializationArgs args) in /Users/sining/Code/Sining/Server/ThirdPartyPlugin/MongoDB/MongoDB.Bson/Serialization/Serializers/EnumerableSerializerBase.cs:line 286
   at MongoDB.Bson.Serialization.Serializers.SerializerBase`1.MongoDB.Bson.Serialization.IBsonSerializer.Deserialize(BsonDeserializationContext context, BsonDeserializationArgs args) in /Users/sining/Code/Sining/Server/ThirdPartyPlugin/MongoDB/MongoDB.Bson/Serialization/Serializers/SerializerBase.cs:line 119
   at MongoDB.Bson.Serialization.IBsonSerializerExtensions.Deserialize(IBsonSerializer serializer, BsonDeserializationContext context) in /Users/sining/Code/Sining/Server/ThirdPartyPlugin/MongoDB/MongoDB.Bson/Serialization/IBsonSerializerExtensions.cs:line 36
   at MongoDB.Bson.Serialization.BsonClassMapSerializer`1.DeserializeMemberValue(BsonDeserializationContext context, BsonMemberMap memberMap) in /Users/sining/Code/Sining/Server/ThirdPartyPlugin/MongoDB/MongoDB.Bson/Serialization/Serializers/BsonClassMapSerializer.cs:line 604
   --- End of inner exception stack trace ---
   at MongoDB.Bson.Serialization.BsonClassMapSerializer`1.DeserializeMemberValue(BsonDeserializationContext context, BsonMemberMap memberMap) in /Users/sining/Code/Sining/Server/ThirdPartyPlugin/MongoDB/MongoDB.Bson/Serialization/Serializers/BsonClassMapSerializer.cs:line 611
   at MongoDB.Bson.Serialization.BsonClassMapSerializer`1.DeserializeClass(BsonDeserializationContext context) in /Users/sining/Code/Sining/Server/ThirdPartyPlugin/MongoDB/MongoDB.Bson/Serialization/Serializers/BsonClassMapSerializer.cs:line 214
   at MongoDB.Bson.Serialization.BsonClassMapSerializer`1.Deserialize(BsonDeserializationContext context, BsonDeserializationArgs args) in /Users/sining/Code/Sining/Server/ThirdPartyPlugin/MongoDB/MongoDB.Bson/Serialization/Serializers/BsonClassMapSerializer.cs:line 129
   at MongoDB.Bson.Serialization.IBsonSerializerExtensions.Deserialize[TValue](IBsonSerializer`1 serializer, BsonDeserializationContext context) in /Users/sining/Code/Sining/Server/ThirdPartyPlugin/MongoDB/MongoDB.Bson/Serialization/IBsonSerializerExtensions.cs:line 49
   at MongoDB.Bson.Serialization.BsonSerializer.Deserialize[TNominalType](IBsonReader bsonReader, Action`1 configurator) in /Users/sining/Code/Sining/Server/ThirdPartyPlugin/MongoDB/MongoDB.Bson/Serialization/BsonSerializer.cs:line 117
   at MongoDB.Bson.Serialization.BsonSerializer.Deserialize[TNominalType](Stream stream, Action`1 configurator) in /Users/sining/Code/Sining/Server/ThirdPartyPlugin/MongoDB/MongoDB.Bson/Serialization/BsonSerializer.cs:line 147
   at Sining.Tools.SerializationHelper.Deserialize[T](Stream stream) in /Users/sining/Code/Sining/Server/Core/Base/Tools/SerializationHelper.cs:line 56
   at Sining.Config.AConfig`1.BeginInit() in /Users/sining/Code/Sining/Server/Model/Base/Config/AConfig.cs:line 26
   at Sining.Program.Main(String[] args) in /Users/sining/Code/Sining/Server/App/Program.cs:line 22
2020-03-01 21:47:37.5598  FATAL (Program.cs:22) System.FormatException: An error occurred while deserializing the HashSet field of class Sining.Config.BinaryFileClass: Unknown discriminator value 'SceneConfig'.
 ---> MongoDB.Bson.BsonSerializationException: Unknown discriminator value 'SceneConfig'.
   at MongoDB.Bson.Serialization.BsonSerializer.LookupActualType(Type nominalType, BsonValue discriminator) in /Users/sining/Code/Sining/Server/ThirdPartyPlugin/MongoDB/MongoDB.Bson/Serialization/BsonSerializer.cs:line 334
   at MongoDB.Bson.Serialization.Conventions.ObjectDiscriminatorConvention.GetActualType(IBsonReader bsonReader, Type nominalType) in /Users/sining/Code/Sining/Server/ThirdPartyPlugin/MongoDB/MongoDB.Bson/Serialization/Conventions/ObjectDiscriminatorConvention.cs:line 127
   at MongoDB.Bson.Serialization.Serializers.ObjectSerializer.DeserializeDiscriminatedValue(BsonDeserializationContext context, BsonDeserializationArgs args) in /Users/sining/Code/Sining/Server/ThirdPartyPlugin/MongoDB/MongoDB.Bson/Serialization/Serializers/ObjectSerializer.cs:line 272
   at MongoDB.Bson.Serialization.Serializers.ObjectSerializer.Deserialize(BsonDeserializationContext context, BsonDeserializationArgs args) in /Users/sining/Code/Sining/Server/ThirdPartyPlugin/MongoDB/MongoDB.Bson/Serialization/Serializers/ObjectSerializer.cs:line 141
   at MongoDB.Bson.Serialization.IBsonSerializerExtensions.Deserialize[TValue](IBsonSerializer`1 serializer, BsonDeserializationContext context) in /Users/sining/Code/Sining/Server/ThirdPartyPlugin/MongoDB/MongoDB.Bson/Serialization/IBsonSerializerExtensions.cs:line 49
   at MongoDB.Bson.Serialization.Serializers.EnumerableSerializerBase`2.Deserialize(BsonDeserializationContext context, BsonDeserializationArgs args) in /Users/sining/Code/Sining/Server/ThirdPartyPlugin/MongoDB/MongoDB.Bson/Serialization/Serializers/EnumerableSerializerBase.cs:line 286
   at MongoDB.Bson.Serialization.Serializers.SerializerBase`1.MongoDB.Bson.Serialization.IBsonSerializer.Deserialize(BsonDeserializationContext context, BsonDeserializationArgs args) in /Users/sining/Code/Sining/Server/ThirdPartyPlugin/MongoDB/MongoDB.Bson/Serialization/Serializers/SerializerBase.cs:line 119
   at MongoDB.Bson.Serialization.IBsonSerializerExtensions.Deserialize(IBsonSerializer serializer, BsonDeserializationContext context) in /Users/sining/Code/Sining/Server/ThirdPartyPlugin/MongoDB/MongoDB.Bson/Serialization/IBsonSerializerExtensions.cs:line 36
   at MongoDB.Bson.Serialization.BsonClassMapSerializer`1.DeserializeMemberValue(BsonDeserializationContext context, BsonMemberMap memberMap) in /Users/sining/Code/Sining/Server/ThirdPartyPlugin/MongoDB/MongoDB.Bson/Serialization/Serializers/BsonClassMapSerializer.cs:line 604
   --- End of inner exception stack trace ---
   at MongoDB.Bson.Serialization.BsonClassMapSerializer`1.DeserializeMemberValue(BsonDeserializationContext context, BsonMemberMap memberMap) in /Users/sining/Code/Sining/Server/ThirdPartyPlugin/MongoDB/MongoDB.Bson/Serialization/Serializers/BsonClassMapSerializer.cs:line 611
   at MongoDB.Bson.Serialization.BsonClassMapSerializer`1.DeserializeClass(BsonDeserializationContext context) in /Users/sining/Code/Sining/Server/ThirdPartyPlugin/MongoDB/MongoDB.Bson/Serialization/Serializers/BsonClassMapSerializer.cs:line 214
   at MongoDB.Bson.Serialization.BsonClassMapSerializer`1.Deserialize(BsonDeserializationContext context, BsonDeserializationArgs args) in /Users/sining/Code/Sining/Server/ThirdPartyPlugin/MongoDB/MongoDB.Bson/Serialization/Serializers/BsonClassMapSerializer.cs:line 129
   at MongoDB.Bson.Serialization.IBsonSerializerExtensions.Deserialize[TValue](IBsonSerializer`1 serializer, BsonDeserializationContext context) in /Users/sining/Code/Sining/Server/ThirdPartyPlugin/MongoDB/MongoDB.Bson/Serialization/IBsonSerializerExtensions.cs:line 49
   at MongoDB.Bson.Serialization.BsonSerializer.Deserialize[TNominalType](IBsonReader bsonReader, Action`1 configurator) in /Users/sining/Code/Sining/Server/ThirdPartyPlugin/MongoDB/MongoDB.Bson/Serialization/BsonSerializer.cs:line 117
   at MongoDB.Bson.Serialization.BsonSerializer.Deserialize[TNominalType](Stream stream, Action`1 configurator) in /Users/sining/Code/Sining/Server/ThirdPartyPlugin/MongoDB/MongoDB.Bson/Serialization/BsonSerializer.cs:line 147
   at Sining.Tools.SerializationHelper.Deserialize[T](Stream stream) in /Users/sining/Code/Sining/Server/Core/Base/Tools/SerializationHelper.cs:line 56
   at Sining.Config.AConfig`1.BeginInit() in /Users/sining/Code/Sining/Server/Model/Base/Config/AConfig.cs:line 26
   at Sining.Program.Main(String[] args) in /Users/sining/Code/Sining/Server/App/Program.cs:line 22
2020-03-01 21:48:37.5182  FATAL (Program.cs:22) System.FormatException: An error occurred while deserializing the HashSet field of class Sining.Config.BinaryFileClass: Unknown discriminator value 'SceneConfig'.
 ---> MongoDB.Bson.BsonSerializationException: Unknown discriminator value 'SceneConfig'.
   at MongoDB.Bson.Serialization.BsonSerializer.LookupActualType(Type nominalType, BsonValue discriminator) in /Users/sining/Code/Sining/Server/ThirdPartyPlugin/MongoDB/MongoDB.Bson/Serialization/BsonSerializer.cs:line 334
   at MongoDB.Bson.Serialization.Conventions.ObjectDiscriminatorConvention.GetActualType(IBsonReader bsonReader, Type nominalType) in /Users/sining/Code/Sining/Server/ThirdPartyPlugin/MongoDB/MongoDB.Bson/Serialization/Conventions/ObjectDiscriminatorConvention.cs:line 127
   at MongoDB.Bson.Serialization.Serializers.DiscriminatedInterfaceSerializer`1.Deserialize(BsonDeserializationContext context, BsonDeserializationArgs args) in /Users/sining/Code/Sining/Server/ThirdPartyPlugin/MongoDB/MongoDB.Bson/Serialization/Serializers/DiscriminatedInterfaceSerializer.cs:line 81
   at MongoDB.Bson.Serialization.IBsonSerializerExtensions.Deserialize[TValue](IBsonSerializer`1 serializer, BsonDeserializationContext context) in /Users/sining/Code/Sining/Server/ThirdPartyPlugin/MongoDB/MongoDB.Bson/Serialization/IBsonSerializerExtensions.cs:line 49
   at MongoDB.Bson.Serialization.Serializers.EnumerableSerializerBase`2.Deserialize(BsonDeserializationContext context, BsonDeserializationArgs args) in /Users/sining/Code/Sining/Server/ThirdPartyPlugin/MongoDB/MongoDB.Bson/Serialization/Serializers/EnumerableSerializerBase.cs:line 286
   at MongoDB.Bson.Serialization.Serializers.SerializerBase`1.MongoDB.Bson.Serialization.IBsonSerializer.Deserialize(BsonDeserializationContext context, BsonDeserializationArgs args) in /Users/sining/Code/Sining/Server/ThirdPartyPlugin/MongoDB/MongoDB.Bson/Serialization/Serializers/SerializerBase.cs:line 119
   at MongoDB.Bson.Serialization.IBsonSerializerExtensions.Deserialize(IBsonSerializer serializer, BsonDeserializationContext context) in /Users/sining/Code/Sining/Server/ThirdPartyPlugin/MongoDB/MongoDB.Bson/Serialization/IBsonSerializerExtensions.cs:line 36
   at MongoDB.Bson.Serialization.BsonClassMapSerializer`1.DeserializeMemberValue(BsonDeserializationContext context, BsonMemberMap memberMap) in /Users/sining/Code/Sining/Server/ThirdPartyPlugin/MongoDB/MongoDB.Bson/Serialization/Serializers/BsonClassMapSerializer.cs:line 604
   --- End of inner exception stack trace ---
   at MongoDB.Bson.Serialization.BsonClassMapSerializer`1.DeserializeMemberValue(BsonDeserializationContext context, BsonMemberMap memberMap) in /Users/sining/Code/Sining/Server/ThirdPartyPlugin/MongoDB/MongoDB.Bson/Serialization/Serializers/BsonClassMapSerializer.cs:line 611
   at MongoDB.Bson.Serialization.BsonClassMapSerializer`1.DeserializeClass(BsonDeserializationContext context) in /Users/sining/Code/Sining/Server/ThirdPartyPlugin/MongoDB/MongoDB.Bson/Serialization/Serializers/BsonClassMapSerializer.cs:line 214
   at MongoDB.Bson.Serialization.BsonClassMapSerializer`1.Deserialize(BsonDeserializationContext context, BsonDeserializationArgs args) in /Users/sining/Code/Sining/Server/ThirdPartyPlugin/MongoDB/MongoDB.Bson/Serialization/Serializers/BsonClassMapSerializer.cs:line 129
   at MongoDB.Bson.Serialization.IBsonSerializerExtensions.Deserialize[TValue](IBsonSerializer`1 serializer, BsonDeserializationContext context) in /Users/sining/Code/Sining/Server/ThirdPartyPlugin/MongoDB/MongoDB.Bson/Serialization/IBsonSerializerExtensions.cs:line 49
   at MongoDB.Bson.Serialization.BsonSerializer.Deserialize[TNominalType](IBsonReader bsonReader, Action`1 configurator) in /Users/sining/Code/Sining/Server/ThirdPartyPlugin/MongoDB/MongoDB.Bson/Serialization/BsonSerializer.cs:line 117
   at MongoDB.Bson.Serialization.BsonSerializer.Deserialize[TNominalType](Stream stream, Action`1 configurator) in /Users/sining/Code/Sining/Server/ThirdPartyPlugin/MongoDB/MongoDB.Bson/Serialization/BsonSerializer.cs:line 147
   at Sining.Tools.SerializationHelper.Deserialize[T](Stream stream) in /Users/sining/Code/Sining/Server/Core/Base/Tools/SerializationHelper.cs:line 56
   at Sining.Config.AConfig`1.BeginInit() in /Users/sining/Code/Sining/Server/Model/Base/Config/AConfig.cs:line 26
   at Sining.Program.Main(String[] args) in /Users/sining/Code/Sining/Server/App/Program.cs:line 22
2020-03-01 22:19:59.9924  FATAL (Program.cs:22) MongoDB.Bson.BsonSerializationException: Unknown discriminator value 'SceneConfig'.
   at MongoDB.Bson.Serialization.BsonSerializer.LookupActualType(Type nominalType, BsonValue discriminator) in /Users/sining/Code/Sining/Server/ThirdPartyPlugin/MongoDB/MongoDB.Bson/Serialization/BsonSerializer.cs:line 334
   at MongoDB.Bson.Serialization.Conventions.ObjectDiscriminatorConvention.GetActualType(IBsonReader bsonReader, Type nominalType) in /Users/sining/Code/Sining/Server/ThirdPartyPlugin/MongoDB/MongoDB.Bson/Serialization/Conventions/ObjectDiscriminatorConvention.cs:line 127
   at MongoDB.Bson.Serialization.Serializers.DiscriminatedInterfaceSerializer`1.Deserialize(BsonDeserializationContext context, BsonDeserializationArgs args) in /Users/sining/Code/Sining/Server/ThirdPartyPlugin/MongoDB/MongoDB.Bson/Serialization/Serializers/DiscriminatedInterfaceSerializer.cs:line 81
   at MongoDB.Bson.Serialization.IBsonSerializerExtensions.Deserialize[TValue](IBsonSerializer`1 serializer, BsonDeserializationContext context) in /Users/sining/Code/Sining/Server/ThirdPartyPlugin/MongoDB/MongoDB.Bson/Serialization/IBsonSerializerExtensions.cs:line 49
   at MongoDB.Bson.Serialization.Serializers.DictionarySerializerBase`3.DeserializeDocumentRepresentation(BsonDeserializationContext context) in /Users/sining/Code/Sining/Server/ThirdPartyPlugin/MongoDB/MongoDB.Bson/Serialization/Serializers/DictionarySerializerBase.cs:line 648
   at MongoDB.Bson.Serialization.Serializers.DictionarySerializerBase`3.DeserializeValue(BsonDeserializationContext context, BsonDeserializationArgs args) in /Users/sining/Code/Sining/Server/ThirdPartyPlugin/MongoDB/MongoDB.Bson/Serialization/Serializers/DictionarySerializerBase.cs:line 521
   at MongoDB.Bson.Serialization.Serializers.ClassSerializerBase`1.Deserialize(BsonDeserializationContext context, BsonDeserializationArgs args) in /Users/sining/Code/Sining/Server/ThirdPartyPlugin/MongoDB/MongoDB.Bson/Serialization/Serializers/ClassSerializerBase.cs:line 46
   at MongoDB.Bson.Serialization.IBsonSerializerExtensions.Deserialize[TValue](IBsonSerializer`1 serializer, BsonDeserializationContext context) in /Users/sining/Code/Sining/Server/ThirdPartyPlugin/MongoDB/MongoDB.Bson/Serialization/IBsonSerializerExtensions.cs:line 49
   at MongoDB.Bson.Serialization.BsonSerializer.Deserialize[TNominalType](IBsonReader bsonReader, Action`1 configurator) in /Users/sining/Code/Sining/Server/ThirdPartyPlugin/MongoDB/MongoDB.Bson/Serialization/BsonSerializer.cs:line 117
   at MongoDB.Bson.Serialization.BsonSerializer.Deserialize[TNominalType](Stream stream, Action`1 configurator) in /Users/sining/Code/Sining/Server/ThirdPartyPlugin/MongoDB/MongoDB.Bson/Serialization/BsonSerializer.cs:line 147
   at Sining.Tools.SerializationHelper.Deserialize[T](Stream stream) in /Users/sining/Code/Sining/Server/Core/Base/Tools/SerializationHelper.cs:line 56
   at Sining.Config.AConfig`1.BeginInit() in /Users/sining/Code/Sining/Server/Model/Base/Config/AConfig.cs:line 26
   at Sining.Program.Main(String[] args) in /Users/sining/Code/Sining/Server/App/Program.cs:line 22
2020-03-01 22:20:41.2822  FATAL (Program.cs:24) MongoDB.Bson.BsonSerializationException: Unknown discriminator value 'SceneConfig'.
   at MongoDB.Bson.Serialization.BsonSerializer.LookupActualType(Type nominalType, BsonValue discriminator) in /Users/sining/Code/Sining/Server/ThirdPartyPlugin/MongoDB/MongoDB.Bson/Serialization/BsonSerializer.cs:line 334
   at MongoDB.Bson.Serialization.Conventions.ObjectDiscriminatorConvention.GetActualType(IBsonReader bsonReader, Type nominalType) in /Users/sining/Code/Sining/Server/ThirdPartyPlugin/MongoDB/MongoDB.Bson/Serialization/Conventions/ObjectDiscriminatorConvention.cs:line 127
   at MongoDB.Bson.Serialization.Serializers.DiscriminatedInterfaceSerializer`1.Deserialize(BsonDeserializationContext context, BsonDeserializationArgs args) in /Users/sining/Code/Sining/Server/ThirdPartyPlugin/MongoDB/MongoDB.Bson/Serialization/Serializers/DiscriminatedInterfaceSerializer.cs:line 81
   at MongoDB.Bson.Serialization.IBsonSerializerExtensions.Deserialize[TValue](IBsonSerializer`1 serializer, BsonDeserializationContext context) in /Users/sining/Code/Sining/Server/ThirdPartyPlugin/MongoDB/MongoDB.Bson/Serialization/IBsonSerializerExtensions.cs:line 49
   at MongoDB.Bson.Serialization.Serializers.DictionarySerializerBase`3.DeserializeDocumentRepresentation(BsonDeserializationContext context) in /Users/sining/Code/Sining/Server/ThirdPartyPlugin/MongoDB/MongoDB.Bson/Serialization/Serializers/DictionarySerializerBase.cs:line 648
   at MongoDB.Bson.Serialization.Serializers.DictionarySerializerBase`3.DeserializeValue(BsonDeserializationContext context, BsonDeserializationArgs args) in /Users/sining/Code/Sining/Server/ThirdPartyPlugin/MongoDB/MongoDB.Bson/Serialization/Serializers/DictionarySerializerBase.cs:line 521
   at MongoDB.Bson.Serialization.Serializers.ClassSerializerBase`1.Deserialize(BsonDeserializationContext context, BsonDeserializationArgs args) in /Users/sining/Code/Sining/Server/ThirdPartyPlugin/MongoDB/MongoDB.Bson/Serialization/Serializers/ClassSerializerBase.cs:line 46
   at MongoDB.Bson.Serialization.IBsonSerializerExtensions.Deserialize[TValue](IBsonSerializer`1 serializer, BsonDeserializationContext context) in /Users/sining/Code/Sining/Server/ThirdPartyPlugin/MongoDB/MongoDB.Bson/Serialization/IBsonSerializerExtensions.cs:line 49
   at MongoDB.Bson.Serialization.BsonSerializer.Deserialize[TNominalType](IBsonReader bsonReader, Action`1 configurator) in /Users/sining/Code/Sining/Server/ThirdPartyPlugin/MongoDB/MongoDB.Bson/Serialization/BsonSerializer.cs:line 117
   at MongoDB.Bson.Serialization.BsonSerializer.Deserialize[TNominalType](Stream stream, Action`1 configurator) in /Users/sining/Code/Sining/Server/ThirdPartyPlugin/MongoDB/MongoDB.Bson/Serialization/BsonSerializer.cs:line 147
   at Sining.Tools.SerializationHelper.Deserialize[T](Stream stream) in /Users/sining/Code/Sining/Server/Core/Base/Tools/SerializationHelper.cs:line 56
   at Sining.Config.AConfig`1.BeginInit() in /Users/sining/Code/Sining/Server/Model/Base/Config/AConfig.cs:line 26
   at Sining.Program.Main(String[] args) in /Users/sining/Code/Sining/Server/App/Program.cs:line 24
2020-03-01 22:21:15.7433  FATAL (Program.cs:16) System.ArgumentException: Cannot create an instance of MongoDB.Bson.Serialization.BsonClassMap`1[Sining.ActorTask`1[TComponent]] because Type.ContainsGenericParameters is true.
   at System.RuntimeType.CreateInstanceCheckThis()
   at System.RuntimeType.CreateInstanceDefaultCtor(Boolean publicOnly, Boolean skipCheckThis, Boolean fillCache, Boolean wrapExceptions)
   at System.Activator.CreateInstance(Type type, Boolean nonPublic, Boolean wrapExceptions)
   at System.Activator.CreateInstance(Type type)
   at MongoDB.Bson.Serialization.BsonClassMap.LookupClassMap(Type classType) in /Users/sining/Code/Sining/Server/ThirdPartyPlugin/MongoDB/MongoDB.Bson/Serialization/BsonClassMap.cs:line 360
   at Sining.Tools.SerializationHelper.RegisterBsonType(Type type) in /Users/sining/Code/Sining/Server/Core/Base/Tools/SerializationHelper.cs:line 31
   at Sining.Event.EventManagement.AddAssembly(Type[] types) in /Users/sining/Code/Sining/Server/Core/Base/Event/EventManagement.cs:line 60
   at Sining.Event.EventManagement.Initialization(String[] assemblyName) in /Users/sining/Code/Sining/Server/Core/Base/Event/EventManagement.cs:line 42
   at Sining.Event.EventManagement.Initialization() in /Users/sining/Code/Sining/Server/Core/Base/Event/EventManagement.cs:line 31
   at Sining.Program.Main(String[] args) in /Users/sining/Code/Sining/Server/App/Program.cs:line 16
2020-03-01 22:21:52.3923  FATAL (Program.cs:16) System.ArgumentException: Cannot create an instance of MongoDB.Bson.Serialization.BsonClassMap`1[Sining.AsyncSTaskMethodBuilder`1[T]] because Type.ContainsGenericParameters is true.
   at System.RuntimeType.CreateInstanceCheckThis()
   at System.RuntimeType.CreateInstanceDefaultCtor(Boolean publicOnly, Boolean skipCheckThis, Boolean fillCache, Boolean wrapExceptions)
   at System.Activator.CreateInstance(Type type, Boolean nonPublic, Boolean wrapExceptions)
   at System.Activator.CreateInstance(Type type)
   at MongoDB.Bson.Serialization.BsonClassMap.LookupClassMap(Type classType) in /Users/sining/Code/Sining/Server/ThirdPartyPlugin/MongoDB/MongoDB.Bson/Serialization/BsonClassMap.cs:line 360
   at Sining.Tools.SerializationHelper.RegisterBsonType(Type type) in /Users/sining/Code/Sining/Server/Core/Base/Tools/SerializationHelper.cs:line 31
   at Sining.Event.EventManagement.AddAssembly(Type[] types) in /Users/sining/Code/Sining/Server/Core/Base/Event/EventManagement.cs:line 60
   at Sining.Event.EventManagement.Initialization(String[] assemblyName) in /Users/sining/Code/Sining/Server/Core/Base/Event/EventManagement.cs:line 42
   at Sining.Event.EventManagement.Initialization() in /Users/sining/Code/Sining/Server/Core/Base/Event/EventManagement.cs:line 31
   at Sining.Program.Main(String[] args) in /Users/sining/Code/Sining/Server/App/Program.cs:line 16
2020-03-01 22:23:42.1511  FATAL (Program.cs:16) MongoDB.Bson.BsonSerializationException: Discriminators can only be registered for classes, not for interface Sining.IAwaiter.
   at MongoDB.Bson.Serialization.BsonSerializer.RegisterDiscriminator(Type type, BsonValue discriminator) in /Users/sining/Code/Sining/Server/ThirdPartyPlugin/MongoDB/MongoDB.Bson/Serialization/BsonSerializer.cs:line 521
   at MongoDB.Bson.Serialization.BsonClassMap.RegisterClassMap(BsonClassMap classMap) in /Users/sining/Code/Sining/Server/ThirdPartyPlugin/MongoDB/MongoDB.Bson/Serialization/BsonClassMap.cs:line 411
   at MongoDB.Bson.Serialization.BsonClassMap.LookupClassMap(Type classType) in /Users/sining/Code/Sining/Server/ThirdPartyPlugin/MongoDB/MongoDB.Bson/Serialization/BsonClassMap.cs:line 362
   at Sining.Tools.SerializationHelper.RegisterBsonType(Type type) in /Users/sining/Code/Sining/Server/Core/Base/Tools/SerializationHelper.cs:line 36
   at Sining.Event.EventManagement.AddAssembly(Type[] types) in /Users/sining/Code/Sining/Server/Core/Base/Event/EventManagement.cs:line 60
   at Sining.Event.EventManagement.Initialization(String[] assemblyName) in /Users/sining/Code/Sining/Server/Core/Base/Event/EventManagement.cs:line 42
   at Sining.Event.EventManagement.Initialization() in /Users/sining/Code/Sining/Server/Core/Base/Event/EventManagement.cs:line 31
   at Sining.Program.Main(String[] args) in /Users/sining/Code/Sining/Server/App/Program.cs:line 16
2020-03-01 22:24:10.6413  FATAL (Program.cs:24) MongoDB.Bson.BsonSerializationException: Unknown discriminator value 'SceneConfig'.
   at MongoDB.Bson.Serialization.BsonSerializer.LookupActualType(Type nominalType, BsonValue discriminator) in /Users/sining/Code/Sining/Server/ThirdPartyPlugin/MongoDB/MongoDB.Bson/Serialization/BsonSerializer.cs:line 334
   at MongoDB.Bson.Serialization.Conventions.ObjectDiscriminatorConvention.GetActualType(IBsonReader bsonReader, Type nominalType) in /Users/sining/Code/Sining/Server/ThirdPartyPlugin/MongoDB/MongoDB.Bson/Serialization/Conventions/ObjectDiscriminatorConvention.cs:line 127
   at MongoDB.Bson.Serialization.Serializers.DiscriminatedInterfaceSerializer`1.Deserialize(BsonDeserializationContext context, BsonDeserializationArgs args) in /Users/sining/Code/Sining/Server/ThirdPartyPlugin/MongoDB/MongoDB.Bson/Serialization/Serializers/DiscriminatedInterfaceSerializer.cs:line 81
   at MongoDB.Bson.Serialization.IBsonSerializerExtensions.Deserialize[TValue](IBsonSerializer`1 serializer, BsonDeserializationContext context) in /Users/sining/Code/Sining/Server/ThirdPartyPlugin/MongoDB/MongoDB.Bson/Serialization/IBsonSerializerExtensions.cs:line 49
   at MongoDB.Bson.Serialization.Serializers.DictionarySerializerBase`3.DeserializeDocumentRepresentation(BsonDeserializationContext context) in /Users/sining/Code/Sining/Server/ThirdPartyPlugin/MongoDB/MongoDB.Bson/Serialization/Serializers/DictionarySerializerBase.cs:line 648
   at MongoDB.Bson.Serialization.Serializers.DictionarySerializerBase`3.DeserializeValue(BsonDeserializationContext context, BsonDeserializationArgs args) in /Users/sining/Code/Sining/Server/ThirdPartyPlugin/MongoDB/MongoDB.Bson/Serialization/Serializers/DictionarySerializerBase.cs:line 521
   at MongoDB.Bson.Serialization.Serializers.ClassSerializerBase`1.Deserialize(BsonDeserializationContext context, BsonDeserializationArgs args) in /Users/sining/Code/Sining/Server/ThirdPartyPlugin/MongoDB/MongoDB.Bson/Serialization/Serializers/ClassSerializerBase.cs:line 46
   at MongoDB.Bson.Serialization.IBsonSerializerExtensions.Deserialize[TValue](IBsonSerializer`1 serializer, BsonDeserializationContext context) in /Users/sining/Code/Sining/Server/ThirdPartyPlugin/MongoDB/MongoDB.Bson/Serialization/IBsonSerializerExtensions.cs:line 49
   at MongoDB.Bson.Serialization.BsonSerializer.Deserialize[TNominalType](IBsonReader bsonReader, Action`1 configurator) in /Users/sining/Code/Sining/Server/ThirdPartyPlugin/MongoDB/MongoDB.Bson/Serialization/BsonSerializer.cs:line 117
   at MongoDB.Bson.Serialization.BsonSerializer.Deserialize[TNominalType](Stream stream, Action`1 configurator) in /Users/sining/Code/Sining/Server/ThirdPartyPlugin/MongoDB/MongoDB.Bson/Serialization/BsonSerializer.cs:line 147
   at Sining.Tools.SerializationHelper.Deserialize[T](Stream stream) in /Users/sining/Code/Sining/Server/Core/Base/Tools/SerializationHelper.cs:line 66
   at Sining.Config.AConfig`1.BeginInit() in /Users/sining/Code/Sining/Server/Model/Base/Config/AConfig.cs:line 26
   at Sining.Program.Main(String[] args) in /Users/sining/Code/Sining/Server/App/Program.cs:line 24
2020-03-01 22:26:14.1902  FATAL (Program.cs:24) MongoDB.Bson.BsonSerializationException: Unknown discriminator value 'SceneConfig'.
   at MongoDB.Bson.Serialization.BsonSerializer.LookupActualType(Type nominalType, BsonValue discriminator) in /Users/sining/Code/Sining/Server/ThirdPartyPlugin/MongoDB/MongoDB.Bson/Serialization/BsonSerializer.cs:line 334
   at MongoDB.Bson.Serialization.Conventions.ObjectDiscriminatorConvention.GetActualType(IBsonReader bsonReader, Type nominalType) in /Users/sining/Code/Sining/Server/ThirdPartyPlugin/MongoDB/MongoDB.Bson/Serialization/Conventions/ObjectDiscriminatorConvention.cs:line 127
   at MongoDB.Bson.Serialization.Serializers.DiscriminatedInterfaceSerializer`1.Deserialize(BsonDeserializationContext context, BsonDeserializationArgs args) in /Users/sining/Code/Sining/Server/ThirdPartyPlugin/MongoDB/MongoDB.Bson/Serialization/Serializers/DiscriminatedInterfaceSerializer.cs:line 81
   at MongoDB.Bson.Serialization.IBsonSerializerExtensions.Deserialize[TValue](IBsonSerializer`1 serializer, BsonDeserializationContext context) in /Users/sining/Code/Sining/Server/ThirdPartyPlugin/MongoDB/MongoDB.Bson/Serialization/IBsonSerializerExtensions.cs:line 49
   at MongoDB.Bson.Serialization.Serializers.DictionarySerializerBase`3.DeserializeDocumentRepresentation(BsonDeserializationContext context) in /Users/sining/Code/Sining/Server/ThirdPartyPlugin/MongoDB/MongoDB.Bson/Serialization/Serializers/DictionarySerializerBase.cs:line 648
   at MongoDB.Bson.Serialization.Serializers.DictionarySerializerBase`3.DeserializeValue(BsonDeserializationContext context, BsonDeserializationArgs args) in /Users/sining/Code/Sining/Server/ThirdPartyPlugin/MongoDB/MongoDB.Bson/Serialization/Serializers/DictionarySerializerBase.cs:line 521
   at MongoDB.Bson.Serialization.Serializers.ClassSerializerBase`1.Deserialize(BsonDeserializationContext context, BsonDeserializationArgs args) in /Users/sining/Code/Sining/Server/ThirdPartyPlugin/MongoDB/MongoDB.Bson/Serialization/Serializers/ClassSerializerBase.cs:line 46
   at MongoDB.Bson.Serialization.IBsonSerializerExtensions.Deserialize[TValue](IBsonSerializer`1 serializer, BsonDeserializationContext context) in /Users/sining/Code/Sining/Server/ThirdPartyPlugin/MongoDB/MongoDB.Bson/Serialization/IBsonSerializerExtensions.cs:line 49
   at MongoDB.Bson.Serialization.BsonSerializer.Deserialize[TNominalType](IBsonReader bsonReader, Action`1 configurator) in /Users/sining/Code/Sining/Server/ThirdPartyPlugin/MongoDB/MongoDB.Bson/Serialization/BsonSerializer.cs:line 117
   at MongoDB.Bson.Serialization.BsonSerializer.Deserialize[TNominalType](Stream stream, Action`1 configurator) in /Users/sining/Code/Sining/Server/ThirdPartyPlugin/MongoDB/MongoDB.Bson/Serialization/BsonSerializer.cs:line 147
   at Sining.Tools.SerializationHelper.Deserialize[T](Stream stream) in /Users/sining/Code/Sining/Server/Core/Base/Tools/SerializationHelper.cs:line 66
   at Sining.Config.AConfig`1.BeginInit() in /Users/sining/Code/Sining/Server/Model/Base/Config/AConfig.cs:line 26
   at Sining.Program.Main(String[] args) in /Users/sining/Code/Sining/Server/App/Program.cs:line 24
2020-03-01 22:28:38.2325  FATAL (Program.cs:24) MongoDB.Bson.BsonSerializationException: Unknown discriminator value 'SceneConfig'.
   at MongoDB.Bson.Serialization.BsonSerializer.LookupActualType(Type nominalType, BsonValue discriminator) in /Users/sining/Code/Sining/Server/ThirdPartyPlugin/MongoDB/MongoDB.Bson/Serialization/BsonSerializer.cs:line 334
   at MongoDB.Bson.Serialization.Conventions.ObjectDiscriminatorConvention.GetActualType(IBsonReader bsonReader, Type nominalType) in /Users/sining/Code/Sining/Server/ThirdPartyPlugin/MongoDB/MongoDB.Bson/Serialization/Conventions/ObjectDiscriminatorConvention.cs:line 127
   at MongoDB.Bson.Serialization.Serializers.DiscriminatedInterfaceSerializer`1.Deserialize(BsonDeserializationContext context, BsonDeserializationArgs args) in /Users/sining/Code/Sining/Server/ThirdPartyPlugin/MongoDB/MongoDB.Bson/Serialization/Serializers/DiscriminatedInterfaceSerializer.cs:line 81
   at MongoDB.Bson.Serialization.IBsonSerializerExtensions.Deserialize[TValue](IBsonSerializer`1 serializer, BsonDeserializationContext context) in /Users/sining/Code/Sining/Server/ThirdPartyPlugin/MongoDB/MongoDB.Bson/Serialization/IBsonSerializerExtensions.cs:line 49
   at MongoDB.Bson.Serialization.Serializers.DictionarySerializerBase`3.DeserializeDocumentRepresentation(BsonDeserializationContext context) in /Users/sining/Code/Sining/Server/ThirdPartyPlugin/MongoDB/MongoDB.Bson/Serialization/Serializers/DictionarySerializerBase.cs:line 648
   at MongoDB.Bson.Serialization.Serializers.DictionarySerializerBase`3.DeserializeValue(BsonDeserializationContext context, BsonDeserializationArgs args) in /Users/sining/Code/Sining/Server/ThirdPartyPlugin/MongoDB/MongoDB.Bson/Serialization/Serializers/DictionarySerializerBase.cs:line 521
   at MongoDB.Bson.Serialization.Serializers.ClassSerializerBase`1.Deserialize(BsonDeserializationContext context, BsonDeserializationArgs args) in /Users/sining/Code/Sining/Server/ThirdPartyPlugin/MongoDB/MongoDB.Bson/Serialization/Serializers/ClassSerializerBase.cs:line 46
   at MongoDB.Bson.Serialization.IBsonSerializerExtensions.Deserialize[TValue](IBsonSerializer`1 serializer, BsonDeserializationContext context) in /Users/sining/Code/Sining/Server/ThirdPartyPlugin/MongoDB/MongoDB.Bson/Serialization/IBsonSerializerExtensions.cs:line 49
   at MongoDB.Bson.Serialization.BsonSerializer.Deserialize[TNominalType](IBsonReader bsonReader, Action`1 configurator) in /Users/sining/Code/Sining/Server/ThirdPartyPlugin/MongoDB/MongoDB.Bson/Serialization/BsonSerializer.cs:line 117
   at MongoDB.Bson.Serialization.BsonSerializer.Deserialize[TNominalType](Stream stream, Action`1 configurator) in /Users/sining/Code/Sining/Server/ThirdPartyPlugin/MongoDB/MongoDB.Bson/Serialization/BsonSerializer.cs:line 147
   at Sining.Tools.SerializationHelper.Deserialize[T](Stream stream) in /Users/sining/Code/Sining/Server/Core/Base/Tools/SerializationHelper.cs:line 67
   at Sining.Config.AConfig`1.BeginInit() in /Users/sining/Code/Sining/Server/Model/Base/Config/AConfig.cs:line 26
   at Sining.Program.Main(String[] args) in /Users/sining/Code/Sining/Server/App/Program.cs:line 24
2020-03-01 22:34:37.2980  FATAL (Program.cs:16) MongoDB.Bson.BsonSerializationException: Discriminators can only be registered for classes, not for interface Sining.Config.IConfig.
   at MongoDB.Bson.Serialization.BsonSerializer.RegisterDiscriminator(Type type, BsonValue discriminator) in /Users/sining/Code/Sining/Server/ThirdPartyPlugin/MongoDB/MongoDB.Bson/Serialization/BsonSerializer.cs:line 521
   at MongoDB.Bson.Serialization.BsonClassMap.RegisterClassMap(BsonClassMap classMap) in /Users/sining/Code/Sining/Server/ThirdPartyPlugin/MongoDB/MongoDB.Bson/Serialization/BsonClassMap.cs:line 411
   at MongoDB.Bson.Serialization.BsonClassMap.LookupClassMap(Type classType) in /Users/sining/Code/Sining/Server/ThirdPartyPlugin/MongoDB/MongoDB.Bson/Serialization/BsonClassMap.cs:line 362
   at Sining.Tools.SerializationHelper.RegisterBsonType(Type type) in /Users/sining/Code/Sining/Server/Core/Base/Tools/SerializationHelper.cs:line 32
   at Sining.Event.EventManagement.AddAssembly(Type[] types) in /Users/sining/Code/Sining/Server/Core/Base/Event/EventManagement.cs:line 61
   at Sining.Event.EventManagement.Initialization(String[] assemblyName) in /Users/sining/Code/Sining/Server/Core/Base/Event/EventManagement.cs:line 42
   at Sining.Event.EventManagement.Initialization() in /Users/sining/Code/Sining/Server/Core/Base/Event/EventManagement.cs:line 31
   at Sining.Program.Main(String[] args) in /Users/sining/Code/Sining/Server/App/Program.cs:line 16
2020-03-01 22:36:36.7699  FATAL (Program.cs:16) MongoDB.Bson.BsonSerializationException: Discriminators can only be registered for classes, not for interface Sining.Config.IConfig.
   at MongoDB.Bson.Serialization.BsonSerializer.RegisterDiscriminator(Type type, BsonValue discriminator) in /Users/sining/Code/Sining/Server/ThirdPartyPlugin/MongoDB/MongoDB.Bson/Serialization/BsonSerializer.cs:line 521
   at MongoDB.Bson.Serialization.BsonClassMap.RegisterClassMap(BsonClassMap classMap) in /Users/sining/Code/Sining/Server/ThirdPartyPlugin/MongoDB/MongoDB.Bson/Serialization/BsonClassMap.cs:line 411
   at MongoDB.Bson.Serialization.BsonClassMap.LookupClassMap(Type classType) in /Users/sining/Code/Sining/Server/ThirdPartyPlugin/MongoDB/MongoDB.Bson/Serialization/BsonClassMap.cs:line 362
   at Sining.Tools.SerializationHelper.RegisterBsonType(Type type) in /Users/sining/Code/Sining/Server/Core/Base/Tools/SerializationHelper.cs:line 32
   at Sining.Event.EventManagement.AddAssembly(Type[] types) in /Users/sining/Code/Sining/Server/Core/Base/Event/EventManagement.cs:line 61
   at Sining.Event.EventManagement.Initialization(String[] assemblyName) in /Users/sining/Code/Sining/Server/Core/Base/Event/EventManagement.cs:line 42
   at Sining.Event.EventManagement.Initialization() in /Users/sining/Code/Sining/Server/Core/Base/Event/EventManagement.cs:line 31
   at Sining.Program.Main(String[] args) in /Users/sining/Code/Sining/Server/App/Program.cs:line 16
2020-03-01 22:36:54.9631  FATAL (Program.cs:16) MongoDB.Bson.BsonSerializationException: Discriminators can only be registered for classes, not for interface Sining.Config.IConfig.
   at MongoDB.Bson.Serialization.BsonSerializer.RegisterDiscriminator(Type type, BsonValue discriminator) in /Users/sining/Code/Sining/Server/ThirdPartyPlugin/MongoDB/MongoDB.Bson/Serialization/BsonSerializer.cs:line 521
   at MongoDB.Bson.Serialization.BsonClassMap.RegisterClassMap(BsonClassMap classMap) in /Users/sining/Code/Sining/Server/ThirdPartyPlugin/MongoDB/MongoDB.Bson/Serialization/BsonClassMap.cs:line 411
   at MongoDB.Bson.Serialization.BsonClassMap.LookupClassMap(Type classType) in /Users/sining/Code/Sining/Server/ThirdPartyPlugin/MongoDB/MongoDB.Bson/Serialization/BsonClassMap.cs:line 362
   at Sining.Tools.SerializationHelper.RegisterBsonType(Type type) in /Users/sining/Code/Sining/Server/Core/Base/Tools/SerializationHelper.cs:line 32
   at Sining.Event.EventManagement.AddAssembly(Type[] types) in /Users/sining/Code/Sining/Server/Core/Base/Event/EventManagement.cs:line 61
   at Sining.Event.EventManagement.Initialization(String[] assemblyName) in /Users/sining/Code/Sining/Server/Core/Base/Event/EventManagement.cs:line 42
   at Sining.Event.EventManagement.Initialization() in /Users/sining/Code/Sining/Server/Core/Base/Event/EventManagement.cs:line 31
   at Sining.Program.Main(String[] args) in /Users/sining/Code/Sining/Server/App/Program.cs:line 16
2020-03-01 22:52:03.1892  FATAL (Program.cs:17) MongoDB.Bson.BsonSerializationException: Discriminators can only be registered for classes, not for interface Sining.IBson.
   at MongoDB.Bson.Serialization.BsonSerializer.RegisterDiscriminator(Type type, BsonValue discriminator) in /Users/sining/Code/Sining/Server/ThirdPartyPlugin/MongoDB/MongoDB.Bson/Serialization/BsonSerializer.cs:line 521
   at MongoDB.Bson.Serialization.BsonClassMap.RegisterClassMap(BsonClassMap classMap) in /Users/sining/Code/Sining/Server/ThirdPartyPlugin/MongoDB/MongoDB.Bson/Serialization/BsonClassMap.cs:line 411
   at MongoDB.Bson.Serialization.BsonClassMap.LookupClassMap(Type classType) in /Users/sining/Code/Sining/Server/ThirdPartyPlugin/MongoDB/MongoDB.Bson/Serialization/BsonClassMap.cs:line 362
   at Sining.Tools.SerializationHelper.RegisterBsonType(Type type) in /Users/sining/Code/Sining/Server/Core/Base/Tools/SerializationHelper.cs:line 32
   at Sining.Event.EventManagement.AddAssembly(Type[] types) in /Users/sining/Code/Sining/Server/Core/Base/Event/EventManagement.cs:line 60
   at Sining.Event.EventManagement.Initialization(String[] assemblyName) in /Users/sining/Code/Sining/Server/Core/Base/Event/EventManagement.cs:line 42
   at Sining.Event.EventManagement.Initialization() in /Users/sining/Code/Sining/Server/Core/Base/Event/EventManagement.cs:line 31
   at Sining.Program.Main(String[] args) in /Users/sining/Code/Sining/Server/App/Program.cs:line 17
2020-03-01 22:56:14.8228  FATAL (Program.cs:23) System.NullReferenceException: Object reference not set to an instance of an object.
   at Sining.Program.Main(String[] args) in /Users/sining/Code/Sining/Server/App/Program.cs:line 23
2020-03-01 23:48:09.8128  FATAL (Program.cs:21) System.NullReferenceException: Object reference not set to an instance of an object.
   at Sining.Program.Main(String[] args) in /Users/sining/Code/Sining/Server/App/Program.cs:line 21
2020-03-01 23:49:05.6376  FATAL (Program.cs:21) System.NullReferenceException: Object reference not set to an instance of an object.
   at Sining.Program.Main(String[] args) in /Users/sining/Code/Sining/Server/App/Program.cs:line 21
2020-03-01 23:49:35.2681  FATAL (Program.cs:21) System.NullReferenceException: Object reference not set to an instance of an object.
   at Sining.Program.Main(String[] args) in /Users/sining/Code/Sining/Server/App/Program.cs:line 21
